mode: atomic
github.com/AkhiraChain/akhiranode/cmd/ebrelayer/internal/bimap_with_default/bimap_with_default.go:5.94,7.11 2 2
github.com/AkhiraChain/akhiranode/cmd/ebrelayer/internal/bimap_with_default/bimap_with_default.go:10.2,10.21 1 1
github.com/AkhiraChain/akhiranode/cmd/ebrelayer/internal/bimap_with_default/bimap_with_default.go:7.11,9.3 1 1
github.com/AkhiraChain/akhiranode/cmd/ebrelayer/internal/bimap_with_default/bimap_with_default.go:13.101,15.11 2 2
github.com/AkhiraChain/akhiranode/cmd/ebrelayer/internal/bimap_with_default/bimap_with_default.go:18.2,18.21 1 1
github.com/AkhiraChain/akhiranode/cmd/ebrelayer/internal/bimap_with_default/bimap_with_default.go:15.11,17.3 1 1
github.com/AkhiraChain/akhiranode/cmd/ebrelayer/internal/symbol_translator/symbol_translator.go:15.68,17.2 1 3
github.com/AkhiraChain/akhiranode/cmd/ebrelayer/internal/symbol_translator/symbol_translator.go:19.69,21.2 1 2
github.com/AkhiraChain/akhiranode/cmd/ebrelayer/internal/symbol_translator/symbol_translator.go:23.46,25.2 1 1
github.com/AkhiraChain/akhiranode/cmd/ebrelayer/internal/symbol_translator/symbol_translator.go:27.82,29.16 2 0
github.com/AkhiraChain/akhiranode/cmd/ebrelayer/internal/symbol_translator/symbol_translator.go:32.2,32.51 1 0
github.com/AkhiraChain/akhiranode/cmd/ebrelayer/internal/symbol_translator/symbol_translator.go:29.16,31.3 1 0
github.com/AkhiraChain/akhiranode/cmd/ebrelayer/internal/symbol_translator/symbol_translator.go:35.87,38.16 3 2
github.com/AkhiraChain/akhiranode/cmd/ebrelayer/internal/symbol_translator/symbol_translator.go:41.2,42.30 2 1
github.com/AkhiraChain/akhiranode/cmd/ebrelayer/internal/symbol_translator/symbol_translator.go:45.2,46.57 2 1
github.com/AkhiraChain/akhiranode/cmd/ebrelayer/internal/symbol_translator/symbol_translator.go:38.16,40.3 1 1
github.com/AkhiraChain/akhiranode/cmd/ebrelayer/internal/symbol_translator/symbol_translator.go:42.30,44.3 1 1
github.com/AkhiraChain/akhiranode/cmd/ebrelayer/txs/relayToEthereum.go:26.41,28.2 1 0
github.com/AkhiraChain/akhiranode/cmd/ebrelayer/txs/relayToEthereum.go:37.9,61.16 5 0
github.com/AkhiraChain/akhiranode/cmd/ebrelayer/txs/relayToEthereum.go:65.2,72.21 5 0
github.com/AkhiraChain/akhiranode/cmd/ebrelayer/txs/relayToEthereum.go:87.2,87.21 1 0
github.com/AkhiraChain/akhiranode/cmd/ebrelayer/txs/relayToEthereum.go:91.2,96.12 2 0
github.com/AkhiraChain/akhiranode/cmd/ebrelayer/txs/relayToEthereum.go:61.16,63.3 1 0
github.com/AkhiraChain/akhiranode/cmd/ebrelayer/txs/relayToEthereum.go:72.21,76.17 2 0
github.com/AkhiraChain/akhiranode/cmd/ebrelayer/txs/relayToEthereum.go:84.3,84.6 1 0
github.com/AkhiraChain/akhiranode/cmd/ebrelayer/txs/relayToEthereum.go:76.17,81.4 2 0
github.com/AkhiraChain/akhiranode/cmd/ebrelayer/txs/relayToEthereum.go:81.9,82.9 1 0
github.com/AkhiraChain/akhiranode/cmd/ebrelayer/txs/relayToEthereum.go:87.21,89.3 1 0
github.com/AkhiraChain/akhiranode/cmd/ebrelayer/txs/relayToEthereum.go:111.3,114.16 2 0
github.com/AkhiraChain/akhiranode/cmd/ebrelayer/txs/relayToEthereum.go:121.2,122.16 2 0
github.com/AkhiraChain/akhiranode/cmd/ebrelayer/txs/relayToEthereum.go:128.2,131.16 3 0
github.com/AkhiraChain/akhiranode/cmd/ebrelayer/txs/relayToEthereum.go:137.2,138.16 2 0
github.com/AkhiraChain/akhiranode/cmd/ebrelayer/txs/relayToEthereum.go:145.2,146.16 2 0
github.com/AkhiraChain/akhiranode/cmd/ebrelayer/txs/relayToEthereum.go:151.2,152.16 2 0
github.com/AkhiraChain/akhiranode/cmd/ebrelayer/txs/relayToEthereum.go:158.2,180.15 13 0
github.com/AkhiraChain/akhiranode/cmd/ebrelayer/txs/relayToEthereum.go:192.2,193.16 2 0
github.com/AkhiraChain/akhiranode/cmd/ebrelayer/txs/relayToEthereum.go:199.2,199.46 1 0
github.com/AkhiraChain/akhiranode/cmd/ebrelayer/txs/relayToEthereum.go:114.16,118.3 2 0
github.com/AkhiraChain/akhiranode/cmd/ebrelayer/txs/relayToEthereum.go:122.16,126.3 2 0
github.com/AkhiraChain/akhiranode/cmd/ebrelayer/txs/relayToEthereum.go:131.16,135.3 2 0
github.com/AkhiraChain/akhiranode/cmd/ebrelayer/txs/relayToEthereum.go:138.16,142.3 2 0
github.com/AkhiraChain/akhiranode/cmd/ebrelayer/txs/relayToEthereum.go:146.16,149.3 2 0
github.com/AkhiraChain/akhiranode/cmd/ebrelayer/txs/relayToEthereum.go:152.16,156.3 2 0
github.com/AkhiraChain/akhiranode/cmd/ebrelayer/txs/relayToEthereum.go:182.36,183.32 1 0
github.com/AkhiraChain/akhiranode/cmd/ebrelayer/txs/relayToEthereum.go:185.33,186.26 1 0
github.com/AkhiraChain/akhiranode/cmd/ebrelayer/txs/relayToEthereum.go:187.10,188.43 1 0
github.com/AkhiraChain/akhiranode/cmd/ebrelayer/txs/relayToEthereum.go:193.16,198.3 2 0
github.com/AkhiraChain/akhiranode/cmd/ebrelayer/txs/signature.go:21.58,24.44 2 2
github.com/AkhiraChain/akhiranode/cmd/ebrelayer/txs/signature.go:30.2,31.16 2 2
github.com/AkhiraChain/akhiranode/cmd/ebrelayer/txs/signature.go:36.2,36.24 1 2
github.com/AkhiraChain/akhiranode/cmd/ebrelayer/txs/signature.go:24.44,27.3 2 0
github.com/AkhiraChain/akhiranode/cmd/ebrelayer/txs/signature.go:31.16,34.3 2 0
github.com/AkhiraChain/akhiranode/cmd/ebrelayer/txs/signature.go:40.55,42.16 2 1
github.com/AkhiraChain/akhiranode/cmd/ebrelayer/txs/signature.go:47.2,49.9 3 1
github.com/AkhiraChain/akhiranode/cmd/ebrelayer/txs/signature.go:54.2,55.25 2 1
github.com/AkhiraChain/akhiranode/cmd/ebrelayer/txs/signature.go:42.16,45.3 2 0
github.com/AkhiraChain/akhiranode/cmd/ebrelayer/txs/signature.go:49.9,52.3 2 0
github.com/AkhiraChain/akhiranode/cmd/ebrelayer/txs/signature.go:59.66,68.2 6 3
github.com/AkhiraChain/akhiranode/cmd/ebrelayer/txs/signature.go:71.35,73.2 1 2
github.com/AkhiraChain/akhiranode/cmd/ebrelayer/txs/signature.go:76.67,79.16 2 1
github.com/AkhiraChain/akhiranode/cmd/ebrelayer/txs/signature.go:82.2,82.17 1 1
github.com/AkhiraChain/akhiranode/cmd/ebrelayer/txs/signature.go:79.16,80.13 1 0
github.com/AkhiraChain/akhiranode/cmd/ebrelayer/txs/test_common.go:47.67,68.2 13 1
github.com/AkhiraChain/akhiranode/cmd/ebrelayer/txs/test_common.go:71.74,81.2 6 3
github.com/AkhiraChain/akhiranode/cmd/ebrelayer/txs/test_common.go:84.79,90.32 5 2
github.com/AkhiraChain/akhiranode/cmd/ebrelayer/txs/test_common.go:98.2,101.18 2 2
github.com/AkhiraChain/akhiranode/cmd/ebrelayer/txs/test_common.go:90.32,93.3 2 1
github.com/AkhiraChain/akhiranode/cmd/ebrelayer/txs/test_common.go:93.8,95.3 1 1
github.com/AkhiraChain/akhiranode/cmd/ebrelayer/txs/test_common.go:105.91,128.32 6 2
github.com/AkhiraChain/akhiranode/cmd/ebrelayer/txs/test_common.go:133.2,158.22 10 2
github.com/AkhiraChain/akhiranode/cmd/ebrelayer/txs/test_common.go:128.32,130.3 1 1
github.com/AkhiraChain/akhiranode/cmd/ebrelayer/txs/test_common.go:130.8,132.3 1 1
github.com/AkhiraChain/akhiranode/cmd/ebrelayer/txs/test_common.go:162.101,188.2 8 2
github.com/AkhiraChain/akhiranode/cmd/ebrelayer/txs/test_common.go:191.78,218.2 8 1
github.com/AkhiraChain/akhiranode/cmd/ebrelayer/txs/test_common.go:221.97,248.2 8 1
github.com/AkhiraChain/akhiranode/cmd/ebrelayer/txs/test_common.go:251.99,278.2 8 1
github.com/AkhiraChain/akhiranode/cmd/ebrelayer/txs/test_common.go:281.93,308.2 8 1
github.com/AkhiraChain/akhiranode/cmd/ebrelayer/txs/parser.go:24.209,39.16 7 1
github.com/AkhiraChain/akhiranode/cmd/ebrelayer/txs/parser.go:42.2,42.23 1 1
github.com/AkhiraChain/akhiranode/cmd/ebrelayer/txs/parser.go:47.2,51.25 3 1
github.com/AkhiraChain/akhiranode/cmd/ebrelayer/txs/parser.go:61.2,80.26 14 1
github.com/AkhiraChain/akhiranode/cmd/ebrelayer/txs/parser.go:39.16,41.3 1 0
github.com/AkhiraChain/akhiranode/cmd/ebrelayer/txs/parser.go:42.23,44.3 1 0
github.com/AkhiraChain/akhiranode/cmd/ebrelayer/txs/parser.go:52.43,54.53 2 1
github.com/AkhiraChain/akhiranode/cmd/ebrelayer/txs/parser.go:57.43,58.55 1 0
github.com/AkhiraChain/akhiranode/cmd/ebrelayer/txs/parser.go:54.53,56.4 1 0
github.com/AkhiraChain/akhiranode/cmd/ebrelayer/txs/parser.go:84.201,93.39 7 4
github.com/AkhiraChain/akhiranode/cmd/ebrelayer/txs/parser.go:148.2,148.25 1 4
github.com/AkhiraChain/akhiranode/cmd/ebrelayer/txs/parser.go:161.2,161.113 1 2
github.com/AkhiraChain/akhiranode/cmd/ebrelayer/txs/parser.go:93.39,98.14 3 18
github.com/AkhiraChain/akhiranode/cmd/ebrelayer/txs/parser.go:99.36,101.21 2 4
github.com/AkhiraChain/akhiranode/cmd/ebrelayer/txs/parser.go:102.44,106.11 4 4
github.com/AkhiraChain/akhiranode/cmd/ebrelayer/txs/parser.go:111.4,111.39 1 4
github.com/AkhiraChain/akhiranode/cmd/ebrelayer/txs/parser.go:112.40,114.33 2 4
github.com/AkhiraChain/akhiranode/cmd/ebrelayer/txs/parser.go:120.4,120.47 1 4
github.com/AkhiraChain/akhiranode/cmd/ebrelayer/txs/parser.go:121.30,123.21 2 2
github.com/AkhiraChain/akhiranode/cmd/ebrelayer/txs/parser.go:135.30,138.11 3 2
github.com/AkhiraChain/akhiranode/cmd/ebrelayer/txs/parser.go:144.4,144.23 1 2
github.com/AkhiraChain/akhiranode/cmd/ebrelayer/txs/parser.go:106.11,110.5 2 0
github.com/AkhiraChain/akhiranode/cmd/ebrelayer/txs/parser.go:114.33,119.5 2 0
github.com/AkhiraChain/akhiranode/cmd/ebrelayer/txs/parser.go:124.23,125.54 1 1
github.com/AkhiraChain/akhiranode/cmd/ebrelayer/txs/parser.go:126.23,127.54 1 1
github.com/AkhiraChain/akhiranode/cmd/ebrelayer/txs/parser.go:132.5,133.39 2 1
github.com/AkhiraChain/akhiranode/cmd/ebrelayer/txs/parser.go:127.54,131.6 2 0
github.com/AkhiraChain/akhiranode/cmd/ebrelayer/txs/parser.go:138.11,143.5 2 0
github.com/AkhiraChain/akhiranode/cmd/ebrelayer/txs/parser.go:148.25,160.3 3 2
github.com/AkhiraChain/akhiranode/cmd/ebrelayer/txs/parser.go:165.107,171.39 5 4
github.com/AkhiraChain/akhiranode/cmd/ebrelayer/txs/parser.go:200.2,204.8 1 1
github.com/AkhiraChain/akhiranode/cmd/ebrelayer/txs/parser.go:171.39,176.14 3 10
github.com/AkhiraChain/akhiranode/cmd/ebrelayer/txs/parser.go:177.36,179.18 2 4
github.com/AkhiraChain/akhiranode/cmd/ebrelayer/txs/parser.go:183.38,184.33 1 3
github.com/AkhiraChain/akhiranode/cmd/ebrelayer/txs/parser.go:188.4,188.45 1 1
github.com/AkhiraChain/akhiranode/cmd/ebrelayer/txs/parser.go:190.43,192.11 2 0
github.com/AkhiraChain/akhiranode/cmd/ebrelayer/txs/parser.go:196.4,196.35 1 0
github.com/AkhiraChain/akhiranode/cmd/ebrelayer/txs/parser.go:179.18,181.5 1 1
github.com/AkhiraChain/akhiranode/cmd/ebrelayer/txs/parser.go:184.33,187.5 2 2
github.com/AkhiraChain/akhiranode/cmd/ebrelayer/txs/parser.go:192.11,195.5 2 0
github.com/AkhiraChain/akhiranode/cmd/ebrelayer/txs/parser.go:208.49,210.2 1 2
github.com/AkhiraChain/akhiranode/cmd/ebrelayer/txs/registry.go:35.43,37.2 1 0
github.com/AkhiraChain/akhiranode/cmd/ebrelayer/txs/registry.go:41.60,43.16 2 0
github.com/AkhiraChain/akhiranode/cmd/ebrelayer/txs/registry.go:49.2,50.16 2 0
github.com/AkhiraChain/akhiranode/cmd/ebrelayer/txs/registry.go:58.2,67.16 3 0
github.com/AkhiraChain/akhiranode/cmd/ebrelayer/txs/registry.go:74.2,75.16 2 0
github.com/AkhiraChain/akhiranode/cmd/ebrelayer/txs/registry.go:88.2,88.16 1 0
github.com/AkhiraChain/akhiranode/cmd/ebrelayer/txs/registry.go:94.2,94.21 1 0
github.com/AkhiraChain/akhiranode/cmd/ebrelayer/txs/registry.go:43.16,47.3 2 0
github.com/AkhiraChain/akhiranode/cmd/ebrelayer/txs/registry.go:50.16,55.3 2 0
github.com/AkhiraChain/akhiranode/cmd/ebrelayer/txs/registry.go:67.16,72.3 2 0
github.com/AkhiraChain/akhiranode/cmd/ebrelayer/txs/registry.go:76.14,77.48 1 0
github.com/AkhiraChain/akhiranode/cmd/ebrelayer/txs/registry.go:78.14,79.48 1 0
github.com/AkhiraChain/akhiranode/cmd/ebrelayer/txs/registry.go:80.18,81.52 1 0
github.com/AkhiraChain/akhiranode/cmd/ebrelayer/txs/registry.go:82.20,83.54 1 0
github.com/AkhiraChain/akhiranode/cmd/ebrelayer/txs/registry.go:84.10,85.43 1 0
github.com/AkhiraChain/akhiranode/cmd/ebrelayer/txs/registry.go:88.16,92.3 2 0
github.com/AkhiraChain/akhiranode/cmd/ebrelayer/txs/relayToCosmos.go:21.135,29.31 3 0
github.com/AkhiraChain/akhiranode/cmd/ebrelayer/txs/relayToCosmos.go:46.2,62.16 3 0
github.com/AkhiraChain/akhiranode/cmd/ebrelayer/txs/relayToCosmos.go:70.2,72.12 2 0
github.com/AkhiraChain/akhiranode/cmd/ebrelayer/txs/relayToCosmos.go:29.31,34.17 3 0
github.com/AkhiraChain/akhiranode/cmd/ebrelayer/txs/relayToCosmos.go:34.17,40.12 2 0
github.com/AkhiraChain/akhiranode/cmd/ebrelayer/txs/relayToCosmos.go:41.9,43.4 1 0
github.com/AkhiraChain/akhiranode/cmd/ebrelayer/txs/relayToCosmos.go:62.16,68.3 2 0
github.com/AkhiraChain/akhiranode/cmd/ebrelayer/relayer/ethereum.go:59.101,63.16 4 1
github.com/AkhiraChain/akhiranode/cmd/ebrelayer/relayer/ethereum.go:67.2,67.22 1 1
github.com/AkhiraChain/akhiranode/cmd/ebrelayer/relayer/ethereum.go:63.16,65.3 1 0
github.com/AkhiraChain/akhiranode/cmd/ebrelayer/relayer/ethereum.go:80.15,92.2 1 0
github.com/AkhiraChain/akhiranode/cmd/ebrelayer/relayer/ethereum.go:95.139,99.16 4 0
github.com/AkhiraChain/akhiranode/cmd/ebrelayer/relayer/ethereum.go:107.2,112.16 4 0
github.com/AkhiraChain/akhiranode/cmd/ebrelayer/relayer/ethereum.go:120.2,126.16 5 0
github.com/AkhiraChain/akhiranode/cmd/ebrelayer/relayer/ethereum.go:130.2,136.16 5 0
github.com/AkhiraChain/akhiranode/cmd/ebrelayer/relayer/ethereum.go:141.2,146.16 4 0
github.com/AkhiraChain/akhiranode/cmd/ebrelayer/relayer/ethereum.go:154.2,154.6 1 0
github.com/AkhiraChain/akhiranode/cmd/ebrelayer/relayer/ethereum.go:99.16,106.3 4 0
github.com/AkhiraChain/akhiranode/cmd/ebrelayer/relayer/ethereum.go:112.16,118.3 4 0
github.com/AkhiraChain/akhiranode/cmd/ebrelayer/relayer/ethereum.go:126.16,128.3 1 0
github.com/AkhiraChain/akhiranode/cmd/ebrelayer/relayer/ethereum.go:136.16,140.3 2 0
github.com/AkhiraChain/akhiranode/cmd/ebrelayer/relayer/ethereum.go:146.16,150.3 2 0
github.com/AkhiraChain/akhiranode/cmd/ebrelayer/relayer/ethereum.go:150.8,152.3 1 0
github.com/AkhiraChain/akhiranode/cmd/ebrelayer/relayer/ethereum.go:154.6,155.10 1 0
github.com/AkhiraChain/akhiranode/cmd/ebrelayer/relayer/ethereum.go:157.15,158.10 1 0
github.com/AkhiraChain/akhiranode/cmd/ebrelayer/relayer/ethereum.go:159.31,164.10 4 0
github.com/AkhiraChain/akhiranode/cmd/ebrelayer/relayer/ethereum.go:165.27,175.44 4 0
github.com/AkhiraChain/akhiranode/cmd/ebrelayer/relayer/ethereum.go:182.4,182.50 1 0
github.com/AkhiraChain/akhiranode/cmd/ebrelayer/relayer/ethereum.go:186.4,197.18 3 0
github.com/AkhiraChain/akhiranode/cmd/ebrelayer/relayer/ethereum.go:206.4,213.35 3 0
github.com/AkhiraChain/akhiranode/cmd/ebrelayer/relayer/ethereum.go:228.4,228.23 1 0
github.com/AkhiraChain/akhiranode/cmd/ebrelayer/relayer/ethereum.go:236.4,239.18 3 0
github.com/AkhiraChain/akhiranode/cmd/ebrelayer/relayer/ethereum.go:243.4,243.36 1 0
github.com/AkhiraChain/akhiranode/cmd/ebrelayer/relayer/ethereum.go:175.44,177.13 2 0
github.com/AkhiraChain/akhiranode/cmd/ebrelayer/relayer/ethereum.go:182.50,184.5 1 0
github.com/AkhiraChain/akhiranode/cmd/ebrelayer/relayer/ethereum.go:197.18,203.13 2 0
github.com/AkhiraChain/akhiranode/cmd/ebrelayer/relayer/ethereum.go:213.35,216.19 3 0
github.com/AkhiraChain/akhiranode/cmd/ebrelayer/relayer/ethereum.go:221.5,221.20 1 0
github.com/AkhiraChain/akhiranode/cmd/ebrelayer/relayer/ethereum.go:225.5,225.35 1 0
github.com/AkhiraChain/akhiranode/cmd/ebrelayer/relayer/ethereum.go:216.19,219.14 2 0
github.com/AkhiraChain/akhiranode/cmd/ebrelayer/relayer/ethereum.go:221.20,223.14 2 0
github.com/AkhiraChain/akhiranode/cmd/ebrelayer/relayer/ethereum.go:228.23,229.88 1 0
github.com/AkhiraChain/akhiranode/cmd/ebrelayer/relayer/ethereum.go:233.5,233.36 1 0
github.com/AkhiraChain/akhiranode/cmd/ebrelayer/relayer/ethereum.go:229.88,232.6 1 0
github.com/AkhiraChain/akhiranode/cmd/ebrelayer/relayer/ethereum.go:239.18,242.5 1 0
github.com/AkhiraChain/akhiranode/cmd/ebrelayer/relayer/ethereum.go:248.97,253.16 4 0
github.com/AkhiraChain/akhiranode/cmd/ebrelayer/relayer/ethereum.go:258.2,258.41 1 0
github.com/AkhiraChain/akhiranode/cmd/ebrelayer/relayer/ethereum.go:263.2,265.55 2 0
github.com/AkhiraChain/akhiranode/cmd/ebrelayer/relayer/ethereum.go:298.2,298.19 1 0
github.com/AkhiraChain/akhiranode/cmd/ebrelayer/relayer/ethereum.go:253.16,256.3 2 0
github.com/AkhiraChain/akhiranode/cmd/ebrelayer/relayer/ethereum.go:258.41,261.3 2 0
github.com/AkhiraChain/akhiranode/cmd/ebrelayer/relayer/ethereum.go:265.55,274.17 6 0
github.com/AkhiraChain/akhiranode/cmd/ebrelayer/relayer/ethereum.go:279.3,279.43 1 0
github.com/AkhiraChain/akhiranode/cmd/ebrelayer/relayer/ethereum.go:274.17,276.12 2 0
github.com/AkhiraChain/akhiranode/cmd/ebrelayer/relayer/ethereum.go:279.43,280.40 1 0
github.com/AkhiraChain/akhiranode/cmd/ebrelayer/relayer/ethereum.go:280.40,282.42 2 0
github.com/AkhiraChain/akhiranode/cmd/ebrelayer/relayer/ethereum.go:282.42,284.20 2 0
github.com/AkhiraChain/akhiranode/cmd/ebrelayer/relayer/ethereum.go:289.6,289.57 1 0
github.com/AkhiraChain/akhiranode/cmd/ebrelayer/relayer/ethereum.go:284.20,285.15 1 0
github.com/AkhiraChain/akhiranode/cmd/ebrelayer/relayer/ethereum.go:289.57,292.7 2 0
github.com/AkhiraChain/akhiranode/cmd/ebrelayer/relayer/ethereum.go:302.95,303.37 1 2
github.com/AkhiraChain/akhiranode/cmd/ebrelayer/relayer/ethereum.go:308.2,308.14 1 1
github.com/AkhiraChain/akhiranode/cmd/ebrelayer/relayer/ethereum.go:303.37,304.87 1 2
github.com/AkhiraChain/akhiranode/cmd/ebrelayer/relayer/ethereum.go:304.87,306.4 1 1
github.com/AkhiraChain/akhiranode/cmd/ebrelayer/relayer/ethereum.go:312.183,319.16 5 0
github.com/AkhiraChain/akhiranode/cmd/ebrelayer/relayer/ethereum.go:323.2,326.16 3 0
github.com/AkhiraChain/akhiranode/cmd/ebrelayer/relayer/ethereum.go:332.2,333.16 2 0
github.com/AkhiraChain/akhiranode/cmd/ebrelayer/relayer/ethereum.go:337.2,346.16 4 0
github.com/AkhiraChain/akhiranode/cmd/ebrelayer/relayer/ethereum.go:351.2,351.30 1 0
github.com/AkhiraChain/akhiranode/cmd/ebrelayer/relayer/ethereum.go:319.16,322.3 2 0
github.com/AkhiraChain/akhiranode/cmd/ebrelayer/relayer/ethereum.go:326.16,329.3 2 0
github.com/AkhiraChain/akhiranode/cmd/ebrelayer/relayer/ethereum.go:333.16,336.3 2 0
github.com/AkhiraChain/akhiranode/cmd/ebrelayer/relayer/ethereum.go:346.16,349.3 2 0
github.com/AkhiraChain/akhiranode/cmd/ebrelayer/relayer/ethereum.go:351.30,354.17 2 0
github.com/AkhiraChain/akhiranode/cmd/ebrelayer/relayer/ethereum.go:354.17,356.4 1 0
github.com/AkhiraChain/akhiranode/cmd/ebrelayer/relayer/ethereum.go:356.9,356.24 1 0
github.com/AkhiraChain/akhiranode/cmd/ebrelayer/relayer/ethereum.go:356.24,358.44 2 0
github.com/AkhiraChain/akhiranode/cmd/ebrelayer/relayer/ethereum.go:358.44,360.19 2 0
github.com/AkhiraChain/akhiranode/cmd/ebrelayer/relayer/ethereum.go:363.5,363.36 1 0
github.com/AkhiraChain/akhiranode/cmd/ebrelayer/relayer/ethereum.go:360.19,362.6 1 0
github.com/AkhiraChain/akhiranode/cmd/ebrelayer/relayer/ethereum.go:364.10,366.5 1 0
github.com/AkhiraChain/akhiranode/cmd/ebrelayer/relayer/ethereum.go:373.75,380.30 5 0
github.com/AkhiraChain/akhiranode/cmd/ebrelayer/relayer/ethereum.go:388.2,388.21 1 0
github.com/AkhiraChain/akhiranode/cmd/ebrelayer/relayer/ethereum.go:392.2,393.16 2 0
github.com/AkhiraChain/akhiranode/cmd/ebrelayer/relayer/ethereum.go:398.2,400.41 3 0
github.com/AkhiraChain/akhiranode/cmd/ebrelayer/relayer/ethereum.go:405.2,410.25 3 0
github.com/AkhiraChain/akhiranode/cmd/ebrelayer/relayer/ethereum.go:381.29,382.37 1 0
github.com/AkhiraChain/akhiranode/cmd/ebrelayer/relayer/ethereum.go:383.29,384.37 1 0
github.com/AkhiraChain/akhiranode/cmd/ebrelayer/relayer/ethereum.go:388.21,390.3 1 0
github.com/AkhiraChain/akhiranode/cmd/ebrelayer/relayer/ethereum.go:393.16,397.3 2 0
github.com/AkhiraChain/akhiranode/cmd/ebrelayer/relayer/ethereum.go:400.41,402.3 1 0
github.com/AkhiraChain/akhiranode/cmd/ebrelayer/relayer/ethereum.go:402.8,404.3 1 0
github.com/AkhiraChain/akhiranode/cmd/ebrelayer/relayer/ethereum.go:413.90,415.16 2 0
github.com/AkhiraChain/akhiranode/cmd/ebrelayer/relayer/ethereum.go:418.2,418.50 1 0
github.com/AkhiraChain/akhiranode/cmd/ebrelayer/relayer/ethereum.go:415.16,417.3 1 0
github.com/AkhiraChain/akhiranode/cmd/ebrelayer/relayer/ethereum.go:422.156,425.16 3 0
github.com/AkhiraChain/akhiranode/cmd/ebrelayer/relayer/ethereum.go:428.2,428.31 1 0
github.com/AkhiraChain/akhiranode/cmd/ebrelayer/relayer/ethereum.go:437.2,440.22 2 0
github.com/AkhiraChain/akhiranode/cmd/ebrelayer/relayer/ethereum.go:444.2,444.84 1 0
github.com/AkhiraChain/akhiranode/cmd/ebrelayer/relayer/ethereum.go:425.16,427.3 1 0
github.com/AkhiraChain/akhiranode/cmd/ebrelayer/relayer/ethereum.go:428.31,430.17 2 0
github.com/AkhiraChain/akhiranode/cmd/ebrelayer/relayer/ethereum.go:430.17,433.4 1 0
github.com/AkhiraChain/akhiranode/cmd/ebrelayer/relayer/ethereum.go:433.9,435.4 1 0
github.com/AkhiraChain/akhiranode/cmd/ebrelayer/relayer/ethereum.go:440.22,442.3 1 0
github.com/AkhiraChain/akhiranode/cmd/ebrelayer/relayer/listMissedEvent.go:30.102,39.2 1 0
github.com/AkhiraChain/akhiranode/cmd/ebrelayer/relayer/listMissedEvent.go:42.111,46.16 3 0
github.com/AkhiraChain/akhiranode/cmd/ebrelayer/relayer/listMissedEvent.go:51.2,52.16 2 0
github.com/AkhiraChain/akhiranode/cmd/ebrelayer/relayer/listMissedEvent.go:57.2,61.23 4 0
github.com/AkhiraChain/akhiranode/cmd/ebrelayer/relayer/listMissedEvent.go:65.2,70.16 4 0
github.com/AkhiraChain/akhiranode/cmd/ebrelayer/relayer/listMissedEvent.go:75.2,77.16 3 0
github.com/AkhiraChain/akhiranode/cmd/ebrelayer/relayer/listMissedEvent.go:82.2,86.26 4 0
github.com/AkhiraChain/akhiranode/cmd/ebrelayer/relayer/listMissedEvent.go:90.2,90.39 1 0
github.com/AkhiraChain/akhiranode/cmd/ebrelayer/relayer/listMissedEvent.go:95.2,97.74 2 0
github.com/AkhiraChain/akhiranode/cmd/ebrelayer/relayer/listMissedEvent.go:46.16,49.3 2 0
github.com/AkhiraChain/akhiranode/cmd/ebrelayer/relayer/listMissedEvent.go:52.16,55.3 2 0
github.com/AkhiraChain/akhiranode/cmd/ebrelayer/relayer/listMissedEvent.go:61.23,63.3 1 0
github.com/AkhiraChain/akhiranode/cmd/ebrelayer/relayer/listMissedEvent.go:70.16,73.3 2 0
github.com/AkhiraChain/akhiranode/cmd/ebrelayer/relayer/listMissedEvent.go:77.16,80.3 2 0
github.com/AkhiraChain/akhiranode/cmd/ebrelayer/relayer/listMissedEvent.go:86.26,88.3 1 0
github.com/AkhiraChain/akhiranode/cmd/ebrelayer/relayer/listMissedEvent.go:90.39,93.3 2 0
github.com/AkhiraChain/akhiranode/cmd/ebrelayer/relayer/listMissedEvent.go:97.74,103.17 4 0
github.com/AkhiraChain/akhiranode/cmd/ebrelayer/relayer/listMissedEvent.go:107.3,107.43 1 0
github.com/AkhiraChain/akhiranode/cmd/ebrelayer/relayer/listMissedEvent.go:103.17,104.12 1 0
github.com/AkhiraChain/akhiranode/cmd/ebrelayer/relayer/listMissedEvent.go:107.43,108.40 1 0
github.com/AkhiraChain/akhiranode/cmd/ebrelayer/relayer/listMissedEvent.go:108.40,112.22 2 0
github.com/AkhiraChain/akhiranode/cmd/ebrelayer/relayer/listMissedEvent.go:113.39,116.20 2 0
github.com/AkhiraChain/akhiranode/cmd/ebrelayer/relayer/listMissedEvent.go:121.6,121.54 1 0
github.com/AkhiraChain/akhiranode/cmd/ebrelayer/relayer/listMissedEvent.go:116.20,118.15 2 0
github.com/AkhiraChain/akhiranode/cmd/ebrelayer/relayer/listMissedEvent.go:121.54,123.7 1 0
github.com/AkhiraChain/akhiranode/cmd/ebrelayer/relayer/network.go:12.41,14.16 2 6
github.com/AkhiraChain/akhiranode/cmd/ebrelayer/relayer/network.go:17.2,17.46 1 6
github.com/AkhiraChain/akhiranode/cmd/ebrelayer/relayer/network.go:14.16,16.3 1 0
github.com/AkhiraChain/akhiranode/cmd/ebrelayer/relayer/network.go:21.72,22.37 1 3
github.com/AkhiraChain/akhiranode/cmd/ebrelayer/relayer/network.go:26.2,26.29 1 2
github.com/AkhiraChain/akhiranode/cmd/ebrelayer/relayer/network.go:30.2,31.16 2 1
github.com/AkhiraChain/akhiranode/cmd/ebrelayer/relayer/network.go:35.2,35.20 1 0
github.com/AkhiraChain/akhiranode/cmd/ebrelayer/relayer/network.go:22.37,24.3 1 1
github.com/AkhiraChain/akhiranode/cmd/ebrelayer/relayer/network.go:26.29,28.3 1 1
github.com/AkhiraChain/akhiranode/cmd/ebrelayer/relayer/network.go:31.16,33.3 1 1
github.com/AkhiraChain/akhiranode/cmd/ebrelayer/relayer/network.go:39.66,40.37 1 3
github.com/AkhiraChain/akhiranode/cmd/ebrelayer/relayer/network.go:44.2,45.16 2 2
github.com/AkhiraChain/akhiranode/cmd/ebrelayer/relayer/network.go:49.2,49.20 1 1
github.com/AkhiraChain/akhiranode/cmd/ebrelayer/relayer/network.go:40.37,42.3 1 1
github.com/AkhiraChain/akhiranode/cmd/ebrelayer/relayer/network.go:45.16,47.3 1 1
github.com/AkhiraChain/akhiranode/cmd/ebrelayer/relayer/cosmos.go:57.62,67.2 1 1
github.com/AkhiraChain/akhiranode/cmd/ebrelayer/relayer/cosmos.go:70.115,74.16 4 0
github.com/AkhiraChain/akhiranode/cmd/ebrelayer/relayer/cosmos.go:82.2,82.39 1 0
github.com/AkhiraChain/akhiranode/cmd/ebrelayer/relayer/cosmos.go:90.2,95.16 4 0
github.com/AkhiraChain/akhiranode/cmd/ebrelayer/relayer/cosmos.go:104.2,104.15 1 0
github.com/AkhiraChain/akhiranode/cmd/ebrelayer/relayer/cosmos.go:111.2,118.16 6 0
github.com/AkhiraChain/akhiranode/cmd/ebrelayer/relayer/cosmos.go:125.2,125.6 1 0
github.com/AkhiraChain/akhiranode/cmd/ebrelayer/relayer/cosmos.go:74.16,80.3 4 0
github.com/AkhiraChain/akhiranode/cmd/ebrelayer/relayer/cosmos.go:82.39,88.3 4 0
github.com/AkhiraChain/akhiranode/cmd/ebrelayer/relayer/cosmos.go:95.16,102.3 4 0
github.com/AkhiraChain/akhiranode/cmd/ebrelayer/relayer/cosmos.go:104.15,105.81 1 0
github.com/AkhiraChain/akhiranode/cmd/ebrelayer/relayer/cosmos.go:105.81,108.4 1 0
github.com/AkhiraChain/akhiranode/cmd/ebrelayer/relayer/cosmos.go:118.16,121.3 2 0
github.com/AkhiraChain/akhiranode/cmd/ebrelayer/relayer/cosmos.go:121.8,123.3 1 0
github.com/AkhiraChain/akhiranode/cmd/ebrelayer/relayer/cosmos.go:125.6,126.10 1 0
github.com/AkhiraChain/akhiranode/cmd/ebrelayer/relayer/cosmos.go:127.15,129.10 2 0
github.com/AkhiraChain/akhiranode/cmd/ebrelayer/relayer/cosmos.go:131.23,133.11 2 0
github.com/AkhiraChain/akhiranode/cmd/ebrelayer/relayer/cosmos.go:137.4,140.31 2 0
github.com/AkhiraChain/akhiranode/cmd/ebrelayer/relayer/cosmos.go:143.4,149.69 4 0
github.com/AkhiraChain/akhiranode/cmd/ebrelayer/relayer/cosmos.go:133.11,136.5 1 0
github.com/AkhiraChain/akhiranode/cmd/ebrelayer/relayer/cosmos.go:140.31,142.5 1 0
github.com/AkhiraChain/akhiranode/cmd/ebrelayer/relayer/cosmos.go:149.69,155.19 4 0
github.com/AkhiraChain/akhiranode/cmd/ebrelayer/relayer/cosmos.go:161.5,161.44 1 0
github.com/AkhiraChain/akhiranode/cmd/ebrelayer/relayer/cosmos.go:187.5,189.19 3 0
github.com/AkhiraChain/akhiranode/cmd/ebrelayer/relayer/cosmos.go:193.5,193.18 1 0
github.com/AkhiraChain/akhiranode/cmd/ebrelayer/relayer/cosmos.go:155.19,158.14 2 0
github.com/AkhiraChain/akhiranode/cmd/ebrelayer/relayer/cosmos.go:161.44,162.41 1 0
github.com/AkhiraChain/akhiranode/cmd/ebrelayer/relayer/cosmos.go:162.41,168.24 3 0
github.com/AkhiraChain/akhiranode/cmd/ebrelayer/relayer/cosmos.go:169.41,171.22 2 0
github.com/AkhiraChain/akhiranode/cmd/ebrelayer/relayer/cosmos.go:177.8,182.51 2 0
github.com/AkhiraChain/akhiranode/cmd/ebrelayer/relayer/cosmos.go:171.22,174.17 2 0
github.com/AkhiraChain/akhiranode/cmd/ebrelayer/relayer/cosmos.go:189.19,192.6 1 0
github.com/AkhiraChain/akhiranode/cmd/ebrelayer/relayer/cosmos.go:200.150,211.61 6 0
github.com/AkhiraChain/akhiranode/cmd/ebrelayer/relayer/cosmos.go:257.2,257.27 1 0
github.com/AkhiraChain/akhiranode/cmd/ebrelayer/relayer/cosmos.go:211.61,215.17 3 0
github.com/AkhiraChain/akhiranode/cmd/ebrelayer/relayer/cosmos.go:221.3,221.43 1 0
github.com/AkhiraChain/akhiranode/cmd/ebrelayer/relayer/cosmos.go:255.3,255.16 1 0
github.com/AkhiraChain/akhiranode/cmd/ebrelayer/relayer/cosmos.go:215.17,218.12 3 0
github.com/AkhiraChain/akhiranode/cmd/ebrelayer/relayer/cosmos.go:221.43,224.18 2 0
github.com/AkhiraChain/akhiranode/cmd/ebrelayer/relayer/cosmos.go:230.4,230.33 1 0
github.com/AkhiraChain/akhiranode/cmd/ebrelayer/relayer/cosmos.go:235.4,235.26 1 0
github.com/AkhiraChain/akhiranode/cmd/ebrelayer/relayer/cosmos.go:241.4,241.52 1 0
github.com/AkhiraChain/akhiranode/cmd/ebrelayer/relayer/cosmos.go:246.4,247.18 2 0
github.com/AkhiraChain/akhiranode/cmd/ebrelayer/relayer/cosmos.go:253.4,253.66 1 0
github.com/AkhiraChain/akhiranode/cmd/ebrelayer/relayer/cosmos.go:224.18,226.13 2 0
github.com/AkhiraChain/akhiranode/cmd/ebrelayer/relayer/cosmos.go:230.33,232.13 1 0
github.com/AkhiraChain/akhiranode/cmd/ebrelayer/relayer/cosmos.go:235.26,237.13 2 0
github.com/AkhiraChain/akhiranode/cmd/ebrelayer/relayer/cosmos.go:241.52,242.13 1 0
github.com/AkhiraChain/akhiranode/cmd/ebrelayer/relayer/cosmos.go:247.18,249.13 2 0
github.com/AkhiraChain/akhiranode/cmd/ebrelayer/relayer/cosmos.go:261.63,262.25 1 1
github.com/AkhiraChain/akhiranode/cmd/ebrelayer/relayer/cosmos.go:266.2,271.16 5 0
github.com/AkhiraChain/akhiranode/cmd/ebrelayer/relayer/cosmos.go:277.2,280.8 1 0
github.com/AkhiraChain/akhiranode/cmd/ebrelayer/relayer/cosmos.go:262.25,264.3 1 1
github.com/AkhiraChain/akhiranode/cmd/ebrelayer/relayer/cosmos.go:271.16,273.3 1 0
github.com/AkhiraChain/akhiranode/cmd/ebrelayer/relayer/cosmos.go:284.97,285.47 1 2
github.com/AkhiraChain/akhiranode/cmd/ebrelayer/relayer/cosmos.go:291.2,291.14 1 1
github.com/AkhiraChain/akhiranode/cmd/ebrelayer/relayer/cosmos.go:285.47,287.78 1 2
github.com/AkhiraChain/akhiranode/cmd/ebrelayer/relayer/cosmos.go:287.78,289.4 1 1
github.com/AkhiraChain/akhiranode/cmd/ebrelayer/relayer/cosmos.go:295.153,298.16 2 0
github.com/AkhiraChain/akhiranode/cmd/ebrelayer/relayer/cosmos.go:303.2,304.16 2 0
github.com/AkhiraChain/akhiranode/cmd/ebrelayer/relayer/cosmos.go:308.2,312.16 3 0
github.com/AkhiraChain/akhiranode/cmd/ebrelayer/relayer/cosmos.go:317.2,322.16 4 0
github.com/AkhiraChain/akhiranode/cmd/ebrelayer/relayer/cosmos.go:327.2,327.39 1 0
github.com/AkhiraChain/akhiranode/cmd/ebrelayer/relayer/cosmos.go:332.2,334.55 2 0
github.com/AkhiraChain/akhiranode/cmd/ebrelayer/relayer/cosmos.go:298.16,301.3 2 0
github.com/AkhiraChain/akhiranode/cmd/ebrelayer/relayer/cosmos.go:304.16,307.3 2 0
github.com/AkhiraChain/akhiranode/cmd/ebrelayer/relayer/cosmos.go:312.16,315.3 2 0
github.com/AkhiraChain/akhiranode/cmd/ebrelayer/relayer/cosmos.go:322.16,325.3 2 0
github.com/AkhiraChain/akhiranode/cmd/ebrelayer/relayer/cosmos.go:327.39,330.3 2 0
github.com/AkhiraChain/akhiranode/cmd/ebrelayer/relayer/cosmos.go:334.55,343.17 6 0
github.com/AkhiraChain/akhiranode/cmd/ebrelayer/relayer/cosmos.go:348.3,348.43 1 0
github.com/AkhiraChain/akhiranode/cmd/ebrelayer/relayer/cosmos.go:343.17,345.12 2 0
github.com/AkhiraChain/akhiranode/cmd/ebrelayer/relayer/cosmos.go:348.43,349.40 1 0
github.com/AkhiraChain/akhiranode/cmd/ebrelayer/relayer/cosmos.go:349.40,353.22 2 0
github.com/AkhiraChain/akhiranode/cmd/ebrelayer/relayer/cosmos.go:354.39,358.20 3 0
github.com/AkhiraChain/akhiranode/cmd/ebrelayer/relayer/cosmos.go:362.6,364.54 2 0
github.com/AkhiraChain/akhiranode/cmd/ebrelayer/relayer/cosmos.go:358.20,360.15 2 0
github.com/AkhiraChain/akhiranode/cmd/ebrelayer/relayer/cosmos.go:364.54,366.7 1 0
github.com/AkhiraChain/akhiranode/cmd/ebrelayer/relayer/cosmos.go:366.12,368.7 1 0
github.com/AkhiraChain/akhiranode/cmd/ebrelayer/relayer/cosmos.go:376.55,378.19 2 0
github.com/AkhiraChain/akhiranode/cmd/ebrelayer/relayer/cosmos.go:386.2,386.18 1 0
github.com/AkhiraChain/akhiranode/cmd/ebrelayer/relayer/cosmos.go:379.30,380.28 1 0
github.com/AkhiraChain/akhiranode/cmd/ebrelayer/relayer/cosmos.go:381.30,382.28 1 0
github.com/AkhiraChain/akhiranode/cmd/ebrelayer/relayer/cosmos.go:383.10,384.32 1 0
github.com/AkhiraChain/akhiranode/cmd/ebrelayer/relayer/cosmos.go:389.126,391.25 1 0
github.com/AkhiraChain/akhiranode/cmd/ebrelayer/relayer/cosmos.go:408.2,408.82 1 0
github.com/AkhiraChain/akhiranode/cmd/ebrelayer/relayer/cosmos.go:391.25,400.17 2 0
github.com/AkhiraChain/akhiranode/cmd/ebrelayer/relayer/cosmos.go:405.3,405.35 1 0
github.com/AkhiraChain/akhiranode/cmd/ebrelayer/relayer/cosmos.go:400.17,403.12 2 0
github.com/AkhiraChain/akhiranode/cmd/ebrelayer/relayer/cosmos.go:415.3,425.16 4 0
github.com/AkhiraChain/akhiranode/cmd/ebrelayer/relayer/cosmos.go:432.2,433.16 2 0
github.com/AkhiraChain/akhiranode/cmd/ebrelayer/relayer/cosmos.go:439.2,442.21 3 0
github.com/AkhiraChain/akhiranode/cmd/ebrelayer/relayer/cosmos.go:462.2,462.21 1 0
github.com/AkhiraChain/akhiranode/cmd/ebrelayer/relayer/cosmos.go:425.16,429.3 2 0
github.com/AkhiraChain/akhiranode/cmd/ebrelayer/relayer/cosmos.go:433.16,437.3 2 0
github.com/AkhiraChain/akhiranode/cmd/ebrelayer/relayer/cosmos.go:442.21,451.17 2 0
github.com/AkhiraChain/akhiranode/cmd/ebrelayer/relayer/cosmos.go:459.3,459.6 1 0
github.com/AkhiraChain/akhiranode/cmd/ebrelayer/relayer/cosmos.go:451.17,456.4 1 0
github.com/AkhiraChain/akhiranode/cmd/ebrelayer/relayer/cosmos.go:456.9,457.9 1 0
github.com/AkhiraChain/akhiranode/cmd/ebrelayer/relayer/cosmos.go:462.21,464.17 2 0
github.com/AkhiraChain/akhiranode/cmd/ebrelayer/relayer/cosmos.go:464.17,466.4 1 0
github.com/AkhiraChain/akhiranode/x/clp/client/cli/flags.go:32.13,44.2 9 1
github.com/AkhiraChain/akhiranode/x/clp/client/cli/query.go:17.52,35.2 3 0
github.com/AkhiraChain/akhiranode/x/clp/client/cli/query.go:37.51,49.55 1 0
github.com/AkhiraChain/akhiranode/x/clp/client/cli/query.go:70.2,72.12 2 0
github.com/AkhiraChain/akhiranode/x/clp/client/cli/query.go:49.55,51.18 2 0
github.com/AkhiraChain/akhiranode/x/clp/client/cli/query.go:55.4,62.18 5 0
github.com/AkhiraChain/akhiranode/x/clp/client/cli/query.go:66.4,66.39 1 0
github.com/AkhiraChain/akhiranode/x/clp/client/cli/query.go:51.18,53.5 1 0
github.com/AkhiraChain/akhiranode/x/clp/client/cli/query.go:62.18,64.5 1 0
github.com/AkhiraChain/akhiranode/x/clp/client/cli/query.go:75.52,80.55 1 0
github.com/AkhiraChain/akhiranode/x/clp/client/cli/query.go:104.2,107.12 3 0
github.com/AkhiraChain/akhiranode/x/clp/client/cli/query.go:80.55,82.18 2 0
github.com/AkhiraChain/akhiranode/x/clp/client/cli/query.go:86.4,88.18 3 0
github.com/AkhiraChain/akhiranode/x/clp/client/cli/query.go:92.4,96.18 2 0
github.com/AkhiraChain/akhiranode/x/clp/client/cli/query.go:100.4,100.39 1 0
github.com/AkhiraChain/akhiranode/x/clp/client/cli/query.go:82.18,84.5 1 0
github.com/AkhiraChain/akhiranode/x/clp/client/cli/query.go:88.18,90.5 1 0
github.com/AkhiraChain/akhiranode/x/clp/client/cli/query.go:96.18,98.5 1 0
github.com/AkhiraChain/akhiranode/x/clp/client/cli/query.go:110.53,115.55 1 0
github.com/AkhiraChain/akhiranode/x/clp/client/cli/query.go:138.2,141.12 3 0
github.com/AkhiraChain/akhiranode/x/clp/client/cli/query.go:115.55,117.18 2 0
github.com/AkhiraChain/akhiranode/x/clp/client/cli/query.go:121.4,130.18 5 0
github.com/AkhiraChain/akhiranode/x/clp/client/cli/query.go:134.4,134.36 1 0
github.com/AkhiraChain/akhiranode/x/clp/client/cli/query.go:117.18,119.5 1 0
github.com/AkhiraChain/akhiranode/x/clp/client/cli/query.go:130.18,132.5 1 0
github.com/AkhiraChain/akhiranode/x/clp/client/cli/query.go:144.64,156.55 1 0
github.com/AkhiraChain/akhiranode/x/clp/client/cli/query.go:181.2,183.12 2 0
github.com/AkhiraChain/akhiranode/x/clp/client/cli/query.go:156.55,158.18 2 0
github.com/AkhiraChain/akhiranode/x/clp/client/cli/query.go:162.4,173.18 6 0
github.com/AkhiraChain/akhiranode/x/clp/client/cli/query.go:177.4,177.36 1 0
github.com/AkhiraChain/akhiranode/x/clp/client/cli/query.go:158.18,160.5 1 0
github.com/AkhiraChain/akhiranode/x/clp/client/cli/query.go:173.18,175.5 1 0
github.com/AkhiraChain/akhiranode/x/clp/client/cli/query.go:186.53,191.55 1 0
github.com/AkhiraChain/akhiranode/x/clp/client/cli/query.go:216.2,219.12 3 0
github.com/AkhiraChain/akhiranode/x/clp/client/cli/query.go:191.55,193.18 2 0
github.com/AkhiraChain/akhiranode/x/clp/client/cli/query.go:197.4,201.18 4 0
github.com/AkhiraChain/akhiranode/x/clp/client/cli/query.go:204.4,208.18 2 0
github.com/AkhiraChain/akhiranode/x/clp/client/cli/query.go:212.4,212.39 1 0
github.com/AkhiraChain/akhiranode/x/clp/client/cli/query.go:193.18,195.5 1 0
github.com/AkhiraChain/akhiranode/x/clp/client/cli/query.go:201.18,203.5 1 0
github.com/AkhiraChain/akhiranode/x/clp/client/cli/query.go:208.18,210.5 1 0
github.com/AkhiraChain/akhiranode/x/clp/client/cli/query.go:222.53,227.55 1 0
github.com/AkhiraChain/akhiranode/x/clp/client/cli/query.go:249.2,252.12 3 0
github.com/AkhiraChain/akhiranode/x/clp/client/cli/query.go:227.55,229.18 2 0
github.com/AkhiraChain/akhiranode/x/clp/client/cli/query.go:232.4,234.18 3 0
github.com/AkhiraChain/akhiranode/x/clp/client/cli/query.go:238.4,241.18 2 0
github.com/AkhiraChain/akhiranode/x/clp/client/cli/query.go:245.4,245.39 1 0
github.com/AkhiraChain/akhiranode/x/clp/client/cli/query.go:229.18,231.5 1 0
github.com/AkhiraChain/akhiranode/x/clp/client/cli/query.go:234.18,236.5 1 0
github.com/AkhiraChain/akhiranode/x/clp/client/cli/query.go:241.18,243.5 1 0
github.com/AkhiraChain/akhiranode/x/clp/client/cli/tx.go:17.32,35.2 3 0
github.com/AkhiraChain/akhiranode/x/clp/client/cli/tx.go:37.40,41.55 1 0
github.com/AkhiraChain/akhiranode/x/clp/client/cli/tx.go:75.2,78.62 4 0
github.com/AkhiraChain/akhiranode/x/clp/client/cli/tx.go:82.2,82.70 1 0
github.com/AkhiraChain/akhiranode/x/clp/client/cli/tx.go:85.2,85.68 1 0
github.com/AkhiraChain/akhiranode/x/clp/client/cli/tx.go:89.2,91.12 2 0
github.com/AkhiraChain/akhiranode/x/clp/client/cli/tx.go:41.55,43.18 2 0
github.com/AkhiraChain/akhiranode/x/clp/client/cli/tx.go:47.4,50.18 3 0
github.com/AkhiraChain/akhiranode/x/clp/client/cli/tx.go:54.4,55.18 2 0
github.com/AkhiraChain/akhiranode/x/clp/client/cli/tx.go:59.4,60.18 2 0
github.com/AkhiraChain/akhiranode/x/clp/client/cli/tx.go:64.4,68.46 4 0
github.com/AkhiraChain/akhiranode/x/clp/client/cli/tx.go:71.4,71.68 1 0
github.com/AkhiraChain/akhiranode/x/clp/client/cli/tx.go:43.18,45.5 1 0
github.com/AkhiraChain/akhiranode/x/clp/client/cli/tx.go:50.18,52.5 1 0
github.com/AkhiraChain/akhiranode/x/clp/client/cli/tx.go:55.18,57.5 1 0
github.com/AkhiraChain/akhiranode/x/clp/client/cli/tx.go:60.18,62.5 1 0
github.com/AkhiraChain/akhiranode/x/clp/client/cli/tx.go:68.46,70.5 1 0
github.com/AkhiraChain/akhiranode/x/clp/client/cli/tx.go:78.62,80.3 1 0
github.com/AkhiraChain/akhiranode/x/clp/client/cli/tx.go:82.70,84.3 1 0
github.com/AkhiraChain/akhiranode/x/clp/client/cli/tx.go:85.68,87.3 1 0
github.com/AkhiraChain/akhiranode/x/clp/client/cli/tx.go:94.46,98.55 1 0
github.com/AkhiraChain/akhiranode/x/clp/client/cli/tx.go:113.2,114.62 2 0
github.com/AkhiraChain/akhiranode/x/clp/client/cli/tx.go:118.2,120.12 2 0
github.com/AkhiraChain/akhiranode/x/clp/client/cli/tx.go:98.55,100.18 2 0
github.com/AkhiraChain/akhiranode/x/clp/client/cli/tx.go:104.4,107.46 4 0
github.com/AkhiraChain/akhiranode/x/clp/client/cli/tx.go:110.4,110.68 1 0
github.com/AkhiraChain/akhiranode/x/clp/client/cli/tx.go:100.18,102.5 1 0
github.com/AkhiraChain/akhiranode/x/clp/client/cli/tx.go:107.46,109.5 1 0
github.com/AkhiraChain/akhiranode/x/clp/client/cli/tx.go:114.62,116.3 1 0
github.com/AkhiraChain/akhiranode/x/clp/client/cli/tx.go:123.42,127.55 1 0
github.com/AkhiraChain/akhiranode/x/clp/client/cli/tx.go:145.2,148.62 4 0
github.com/AkhiraChain/akhiranode/x/clp/client/cli/tx.go:151.2,151.70 1 0
github.com/AkhiraChain/akhiranode/x/clp/client/cli/tx.go:155.2,155.68 1 0
github.com/AkhiraChain/akhiranode/x/clp/client/cli/tx.go:159.2,161.12 2 0
github.com/AkhiraChain/akhiranode/x/clp/client/cli/tx.go:127.55,129.18 2 0
github.com/AkhiraChain/akhiranode/x/clp/client/cli/tx.go:133.4,139.46 6 0
github.com/AkhiraChain/akhiranode/x/clp/client/cli/tx.go:142.4,142.68 1 0
github.com/AkhiraChain/akhiranode/x/clp/client/cli/tx.go:129.18,131.5 1 0
github.com/AkhiraChain/akhiranode/x/clp/client/cli/tx.go:139.46,141.5 1 0
github.com/AkhiraChain/akhiranode/x/clp/client/cli/tx.go:148.62,150.3 1 0
github.com/AkhiraChain/akhiranode/x/clp/client/cli/tx.go:151.70,153.3 1 0
github.com/AkhiraChain/akhiranode/x/clp/client/cli/tx.go:155.68,157.3 1 0
github.com/AkhiraChain/akhiranode/x/clp/client/cli/tx.go:164.45,168.55 1 0
github.com/AkhiraChain/akhiranode/x/clp/client/cli/tx.go:195.2,198.62 4 0
github.com/AkhiraChain/akhiranode/x/clp/client/cli/tx.go:201.2,201.63 1 0
github.com/AkhiraChain/akhiranode/x/clp/client/cli/tx.go:204.2,204.60 1 0
github.com/AkhiraChain/akhiranode/x/clp/client/cli/tx.go:208.2,210.12 2 0
github.com/AkhiraChain/akhiranode/x/clp/client/cli/tx.go:168.55,170.18 2 0
github.com/AkhiraChain/akhiranode/x/clp/client/cli/tx.go:174.4,179.11 6 0
github.com/AkhiraChain/akhiranode/x/clp/client/cli/tx.go:182.4,183.11 2 0
github.com/AkhiraChain/akhiranode/x/clp/client/cli/tx.go:187.4,188.46 2 0
github.com/AkhiraChain/akhiranode/x/clp/client/cli/tx.go:192.4,192.68 1 0
github.com/AkhiraChain/akhiranode/x/clp/client/cli/tx.go:170.18,172.5 1 0
github.com/AkhiraChain/akhiranode/x/clp/client/cli/tx.go:179.11,181.5 1 0
github.com/AkhiraChain/akhiranode/x/clp/client/cli/tx.go:183.11,185.5 1 0
github.com/AkhiraChain/akhiranode/x/clp/client/cli/tx.go:188.46,190.5 1 0
github.com/AkhiraChain/akhiranode/x/clp/client/cli/tx.go:198.62,200.3 1 0
github.com/AkhiraChain/akhiranode/x/clp/client/cli/tx.go:201.63,203.3 1 0
github.com/AkhiraChain/akhiranode/x/clp/client/cli/tx.go:204.60,206.3 1 0
github.com/AkhiraChain/akhiranode/x/clp/client/cli/tx.go:213.34,217.55 1 0
github.com/AkhiraChain/akhiranode/x/clp/client/cli/tx.go:240.2,245.66 5 0
github.com/AkhiraChain/akhiranode/x/clp/client/cli/tx.go:248.2,248.70 1 0
github.com/AkhiraChain/akhiranode/x/clp/client/cli/tx.go:251.2,251.57 1 0
github.com/AkhiraChain/akhiranode/x/clp/client/cli/tx.go:254.2,254.73 1 0
github.com/AkhiraChain/akhiranode/x/clp/client/cli/tx.go:258.2,260.12 2 0
github.com/AkhiraChain/akhiranode/x/clp/client/cli/tx.go:217.55,219.18 2 0
github.com/AkhiraChain/akhiranode/x/clp/client/cli/tx.go:223.4,232.46 7 0
github.com/AkhiraChain/akhiranode/x/clp/client/cli/tx.go:236.4,236.68 1 0
github.com/AkhiraChain/akhiranode/x/clp/client/cli/tx.go:219.18,221.5 1 0
github.com/AkhiraChain/akhiranode/x/clp/client/cli/tx.go:232.46,234.5 1 0
github.com/AkhiraChain/akhiranode/x/clp/client/cli/tx.go:245.66,247.3 1 0
github.com/AkhiraChain/akhiranode/x/clp/client/cli/tx.go:248.70,250.3 1 0
github.com/AkhiraChain/akhiranode/x/clp/client/cli/tx.go:251.57,253.3 1 0
github.com/AkhiraChain/akhiranode/x/clp/client/cli/tx.go:254.73,256.3 1 0
github.com/AkhiraChain/akhiranode/x/clp/types/genesis.go:11.50,15.2 1 1
github.com/AkhiraChain/akhiranode/x/clp/types/genesis.go:18.42,24.2 2 1
github.com/AkhiraChain/akhiranode/x/clp/types/genesis.go:26.111,28.33 2 0
github.com/AkhiraChain/akhiranode/x/clp/types/genesis.go:34.2,34.21 1 0
github.com/AkhiraChain/akhiranode/x/clp/types/genesis.go:28.33,30.17 2 0
github.com/AkhiraChain/akhiranode/x/clp/types/genesis.go:30.17,31.85 1 0
github.com/AkhiraChain/akhiranode/x/clp/types/keys.go:37.77,40.2 2 2
github.com/AkhiraChain/akhiranode/x/clp/types/keys.go:45.71,48.2 2 2
github.com/AkhiraChain/akhiranode/x/clp/types/querier.go:13.48,15.2 1 1
github.com/AkhiraChain/akhiranode/x/clp/types/types.pb.go:31.33,31.49 1 0
github.com/AkhiraChain/akhiranode/x/clp/types/types.pb.go:32.33,32.70 1 0
github.com/AkhiraChain/akhiranode/x/clp/types/types.pb.go:33.34,33.35 0 0
github.com/AkhiraChain/akhiranode/x/clp/types/types.pb.go:34.44,36.2 1 0
github.com/AkhiraChain/akhiranode/x/clp/types/types.pb.go:37.47,39.2 1 0
github.com/AkhiraChain/akhiranode/x/clp/types/types.pb.go:40.75,41.19 1 0
github.com/AkhiraChain/akhiranode/x/clp/types/types.pb.go:41.19,43.3 1 0
github.com/AkhiraChain/akhiranode/x/clp/types/types.pb.go:43.8,46.17 3 0
github.com/AkhiraChain/akhiranode/x/clp/types/types.pb.go:49.3,49.20 1 0
github.com/AkhiraChain/akhiranode/x/clp/types/types.pb.go:46.17,48.4 1 0
github.com/AkhiraChain/akhiranode/x/clp/types/types.pb.go:52.46,54.2 1 0
github.com/AkhiraChain/akhiranode/x/clp/types/types.pb.go:55.32,57.2 1 0
github.com/AkhiraChain/akhiranode/x/clp/types/types.pb.go:58.38,60.2 1 0
github.com/AkhiraChain/akhiranode/x/clp/types/types.pb.go:64.36,65.14 1 0
github.com/AkhiraChain/akhiranode/x/clp/types/types.pb.go:68.2,68.11 1 0
github.com/AkhiraChain/akhiranode/x/clp/types/types.pb.go:65.14,67.3 1 0
github.com/AkhiraChain/akhiranode/x/clp/types/types.pb.go:78.32,78.47 1 0
github.com/AkhiraChain/akhiranode/x/clp/types/types.pb.go:79.32,79.69 1 0
github.com/AkhiraChain/akhiranode/x/clp/types/types.pb.go:80.33,80.34 0 0
github.com/AkhiraChain/akhiranode/x/clp/types/types.pb.go:81.43,83.2 1 0
github.com/AkhiraChain/akhiranode/x/clp/types/types.pb.go:84.46,86.2 1 0
github.com/AkhiraChain/akhiranode/x/clp/types/types.pb.go:87.74,88.19 1 0
github.com/AkhiraChain/akhiranode/x/clp/types/types.pb.go:88.19,90.3 1 0
github.com/AkhiraChain/akhiranode/x/clp/types/types.pb.go:90.8,93.17 3 0
github.com/AkhiraChain/akhiranode/x/clp/types/types.pb.go:96.3,96.20 1 0
github.com/AkhiraChain/akhiranode/x/clp/types/types.pb.go:93.17,95.4 1 0
github.com/AkhiraChain/akhiranode/x/clp/types/types.pb.go:99.45,101.2 1 0
github.com/AkhiraChain/akhiranode/x/clp/types/types.pb.go:102.31,104.2 1 0
github.com/AkhiraChain/akhiranode/x/clp/types/types.pb.go:105.37,107.2 1 0
github.com/AkhiraChain/akhiranode/x/clp/types/types.pb.go:111.42,112.14 1 0
github.com/AkhiraChain/akhiranode/x/clp/types/types.pb.go:115.2,115.12 1 0
github.com/AkhiraChain/akhiranode/x/clp/types/types.pb.go:112.14,114.3 1 0
github.com/AkhiraChain/akhiranode/x/clp/types/types.pb.go:124.45,124.73 1 0
github.com/AkhiraChain/akhiranode/x/clp/types/types.pb.go:125.45,125.82 1 0
github.com/AkhiraChain/akhiranode/x/clp/types/types.pb.go:126.46,126.47 0 0
github.com/AkhiraChain/akhiranode/x/clp/types/types.pb.go:127.56,129.2 1 0
github.com/AkhiraChain/akhiranode/x/clp/types/types.pb.go:130.59,132.2 1 0
github.com/AkhiraChain/akhiranode/x/clp/types/types.pb.go:133.87,134.19 1 0
github.com/AkhiraChain/akhiranode/x/clp/types/types.pb.go:134.19,136.3 1 0
github.com/AkhiraChain/akhiranode/x/clp/types/types.pb.go:136.8,139.17 3 0
github.com/AkhiraChain/akhiranode/x/clp/types/types.pb.go:142.3,142.20 1 0
github.com/AkhiraChain/akhiranode/x/clp/types/types.pb.go:139.17,141.4 1 0
github.com/AkhiraChain/akhiranode/x/clp/types/types.pb.go:145.58,147.2 1 0
github.com/AkhiraChain/akhiranode/x/clp/types/types.pb.go:148.44,150.2 1 0
github.com/AkhiraChain/akhiranode/x/clp/types/types.pb.go:151.50,153.2 1 0
github.com/AkhiraChain/akhiranode/x/clp/types/types.pb.go:157.47,158.14 1 0
github.com/AkhiraChain/akhiranode/x/clp/types/types.pb.go:161.2,161.12 1 0
github.com/AkhiraChain/akhiranode/x/clp/types/types.pb.go:158.14,160.3 1 0
github.com/AkhiraChain/akhiranode/x/clp/types/types.pb.go:164.66,165.14 1 0
github.com/AkhiraChain/akhiranode/x/clp/types/types.pb.go:168.2,168.11 1 0
github.com/AkhiraChain/akhiranode/x/clp/types/types.pb.go:165.14,167.3 1 0
github.com/AkhiraChain/akhiranode/x/clp/types/types.pb.go:175.37,175.57 1 0
github.com/AkhiraChain/akhiranode/x/clp/types/types.pb.go:176.37,176.74 1 0
github.com/AkhiraChain/akhiranode/x/clp/types/types.pb.go:177.38,177.39 0 0
github.com/AkhiraChain/akhiranode/x/clp/types/types.pb.go:178.48,180.2 1 0
github.com/AkhiraChain/akhiranode/x/clp/types/types.pb.go:181.51,183.2 1 0
github.com/AkhiraChain/akhiranode/x/clp/types/types.pb.go:184.79,185.19 1 0
github.com/AkhiraChain/akhiranode/x/clp/types/types.pb.go:185.19,187.3 1 0
github.com/AkhiraChain/akhiranode/x/clp/types/types.pb.go:187.8,190.17 3 0
github.com/AkhiraChain/akhiranode/x/clp/types/types.pb.go:193.3,193.20 1 0
github.com/AkhiraChain/akhiranode/x/clp/types/types.pb.go:190.17,192.4 1 0
github.com/AkhiraChain/akhiranode/x/clp/types/types.pb.go:196.50,198.2 1 0
github.com/AkhiraChain/akhiranode/x/clp/types/types.pb.go:199.36,201.2 1 0
github.com/AkhiraChain/akhiranode/x/clp/types/types.pb.go:202.42,204.2 1 0
github.com/AkhiraChain/akhiranode/x/clp/types/types.pb.go:208.49,209.14 1 0
github.com/AkhiraChain/akhiranode/x/clp/types/types.pb.go:212.2,212.12 1 0
github.com/AkhiraChain/akhiranode/x/clp/types/types.pb.go:209.14,211.3 1 0
github.com/AkhiraChain/akhiranode/x/clp/types/types.pb.go:221.49,221.81 1 0
github.com/AkhiraChain/akhiranode/x/clp/types/types.pb.go:222.49,222.86 1 0
github.com/AkhiraChain/akhiranode/x/clp/types/types.pb.go:223.50,223.51 0 0
github.com/AkhiraChain/akhiranode/x/clp/types/types.pb.go:224.60,226.2 1 0
github.com/AkhiraChain/akhiranode/x/clp/types/types.pb.go:227.63,229.2 1 0
github.com/AkhiraChain/akhiranode/x/clp/types/types.pb.go:230.91,231.19 1 0
github.com/AkhiraChain/akhiranode/x/clp/types/types.pb.go:231.19,233.3 1 0
github.com/AkhiraChain/akhiranode/x/clp/types/types.pb.go:233.8,236.17 3 0
github.com/AkhiraChain/akhiranode/x/clp/types/types.pb.go:239.3,239.20 1 0
github.com/AkhiraChain/akhiranode/x/clp/types/types.pb.go:236.17,238.4 1 0
github.com/AkhiraChain/akhiranode/x/clp/types/types.pb.go:242.62,244.2 1 0
github.com/AkhiraChain/akhiranode/x/clp/types/types.pb.go:245.48,247.2 1 0
github.com/AkhiraChain/akhiranode/x/clp/types/types.pb.go:248.54,250.2 1 0
github.com/AkhiraChain/akhiranode/x/clp/types/types.pb.go:254.75,255.14 1 0
github.com/AkhiraChain/akhiranode/x/clp/types/types.pb.go:258.2,258.12 1 0
github.com/AkhiraChain/akhiranode/x/clp/types/types.pb.go:255.14,257.3 1 0
github.com/AkhiraChain/akhiranode/x/clp/types/types.pb.go:261.64,262.14 1 0
github.com/AkhiraChain/akhiranode/x/clp/types/types.pb.go:265.2,265.11 1 0
github.com/AkhiraChain/akhiranode/x/clp/types/types.pb.go:262.14,264.3 1 0
github.com/AkhiraChain/akhiranode/x/clp/types/types.pb.go:268.66,269.14 1 0
github.com/AkhiraChain/akhiranode/x/clp/types/types.pb.go:272.2,272.11 1 0
github.com/AkhiraChain/akhiranode/x/clp/types/types.pb.go:269.14,271.3 1 0
github.com/AkhiraChain/akhiranode/x/clp/types/types.pb.go:275.13,281.2 5 1
github.com/AkhiraChain/akhiranode/x/clp/types/types.pb.go:283.13,283.98 1 1
github.com/AkhiraChain/akhiranode/x/clp/types/types.pb.go:321.52,325.16 4 0
github.com/AkhiraChain/akhiranode/x/clp/types/types.pb.go:328.2,328.22 1 0
github.com/AkhiraChain/akhiranode/x/clp/types/types.pb.go:325.16,327.3 1 0
github.com/AkhiraChain/akhiranode/x/clp/types/types.pb.go:331.53,334.2 2 0
github.com/AkhiraChain/akhiranode/x/clp/types/types.pb.go:336.64,341.23 5 0
github.com/AkhiraChain/akhiranode/x/clp/types/types.pb.go:348.2,348.27 1 0
github.com/AkhiraChain/akhiranode/x/clp/types/types.pb.go:341.23,347.3 5 0
github.com/AkhiraChain/akhiranode/x/clp/types/types.pb.go:351.51,355.16 4 0
github.com/AkhiraChain/akhiranode/x/clp/types/types.pb.go:358.2,358.22 1 0
github.com/AkhiraChain/akhiranode/x/clp/types/types.pb.go:355.16,357.3 1 0
github.com/AkhiraChain/akhiranode/x/clp/types/types.pb.go:361.52,364.2 2 0
github.com/AkhiraChain/akhiranode/x/clp/types/types.pb.go:366.63,371.2 5 0
github.com/AkhiraChain/akhiranode/x/clp/types/types.pb.go:379.2,381.2 3 0
github.com/AkhiraChain/akhiranode/x/clp/types/types.pb.go:389.2,391.2 3 0
github.com/AkhiraChain/akhiranode/x/clp/types/types.pb.go:399.2,401.28 3 0
github.com/AkhiraChain/akhiranode/x/clp/types/types.pb.go:413.2,413.27 1 0
github.com/AkhiraChain/akhiranode/x/clp/types/types.pb.go:371.2,374.60 3 0
github.com/AkhiraChain/akhiranode/x/clp/types/types.pb.go:377.3,377.47 1 0
github.com/AkhiraChain/akhiranode/x/clp/types/types.pb.go:374.60,376.4 1 0
github.com/AkhiraChain/akhiranode/x/clp/types/types.pb.go:381.2,384.71 3 0
github.com/AkhiraChain/akhiranode/x/clp/types/types.pb.go:387.3,387.47 1 0
github.com/AkhiraChain/akhiranode/x/clp/types/types.pb.go:384.71,386.4 1 0
github.com/AkhiraChain/akhiranode/x/clp/types/types.pb.go:391.2,394.69 3 0
github.com/AkhiraChain/akhiranode/x/clp/types/types.pb.go:397.3,397.47 1 0
github.com/AkhiraChain/akhiranode/x/clp/types/types.pb.go:394.69,396.4 1 0
github.com/AkhiraChain/akhiranode/x/clp/types/types.pb.go:401.28,402.3 1 0
github.com/AkhiraChain/akhiranode/x/clp/types/types.pb.go:410.3,411.16 2 0
github.com/AkhiraChain/akhiranode/x/clp/types/types.pb.go:402.3,404.18 2 0
github.com/AkhiraChain/akhiranode/x/clp/types/types.pb.go:407.4,408.48 2 0
github.com/AkhiraChain/akhiranode/x/clp/types/types.pb.go:404.18,406.5 1 0
github.com/AkhiraChain/akhiranode/x/clp/types/types.pb.go:416.64,420.16 4 0
github.com/AkhiraChain/akhiranode/x/clp/types/types.pb.go:423.2,423.22 1 0
github.com/AkhiraChain/akhiranode/x/clp/types/types.pb.go:420.16,422.3 1 0
github.com/AkhiraChain/akhiranode/x/clp/types/types.pb.go:426.65,429.2 2 0
github.com/AkhiraChain/akhiranode/x/clp/types/types.pb.go:431.76,436.41 5 0
github.com/AkhiraChain/akhiranode/x/clp/types/types.pb.go:451.2,453.20 3 0
github.com/AkhiraChain/akhiranode/x/clp/types/types.pb.go:465.2,465.27 1 0
github.com/AkhiraChain/akhiranode/x/clp/types/types.pb.go:436.41,442.3 5 0
github.com/AkhiraChain/akhiranode/x/clp/types/types.pb.go:443.2,446.73 3 0
github.com/AkhiraChain/akhiranode/x/clp/types/types.pb.go:449.3,449.47 1 0
github.com/AkhiraChain/akhiranode/x/clp/types/types.pb.go:446.73,448.4 1 0
github.com/AkhiraChain/akhiranode/x/clp/types/types.pb.go:453.20,454.3 1 0
github.com/AkhiraChain/akhiranode/x/clp/types/types.pb.go:462.3,463.16 2 0
github.com/AkhiraChain/akhiranode/x/clp/types/types.pb.go:454.3,456.18 2 0
github.com/AkhiraChain/akhiranode/x/clp/types/types.pb.go:459.4,460.48 2 0
github.com/AkhiraChain/akhiranode/x/clp/types/types.pb.go:456.18,458.5 1 0
github.com/AkhiraChain/akhiranode/x/clp/types/types.pb.go:468.56,472.16 4 0
github.com/AkhiraChain/akhiranode/x/clp/types/types.pb.go:475.2,475.22 1 0
github.com/AkhiraChain/akhiranode/x/clp/types/types.pb.go:472.16,474.3 1 0
github.com/AkhiraChain/akhiranode/x/clp/types/types.pb.go:478.57,481.2 2 0
github.com/AkhiraChain/akhiranode/x/clp/types/types.pb.go:483.68,488.30 5 0
github.com/AkhiraChain/akhiranode/x/clp/types/types.pb.go:497.2,497.27 1 0
github.com/AkhiraChain/akhiranode/x/clp/types/types.pb.go:488.30,489.62 1 0
github.com/AkhiraChain/akhiranode/x/clp/types/types.pb.go:489.62,495.4 5 0
github.com/AkhiraChain/akhiranode/x/clp/types/types.pb.go:500.68,504.16 4 0
github.com/AkhiraChain/akhiranode/x/clp/types/types.pb.go:507.2,507.22 1 0
github.com/AkhiraChain/akhiranode/x/clp/types/types.pb.go:504.16,506.3 1 0
github.com/AkhiraChain/akhiranode/x/clp/types/types.pb.go:510.69,513.2 2 0
github.com/AkhiraChain/akhiranode/x/clp/types/types.pb.go:515.80,520.37 5 0
github.com/AkhiraChain/akhiranode/x/clp/types/types.pb.go:527.2,527.35 1 0
github.com/AkhiraChain/akhiranode/x/clp/types/types.pb.go:534.2,534.32 1 0
github.com/AkhiraChain/akhiranode/x/clp/types/types.pb.go:546.2,546.27 1 0
github.com/AkhiraChain/akhiranode/x/clp/types/types.pb.go:520.37,526.3 5 0
github.com/AkhiraChain/akhiranode/x/clp/types/types.pb.go:527.35,533.3 5 0
github.com/AkhiraChain/akhiranode/x/clp/types/types.pb.go:534.32,535.3 1 0
github.com/AkhiraChain/akhiranode/x/clp/types/types.pb.go:543.3,544.16 2 0
github.com/AkhiraChain/akhiranode/x/clp/types/types.pb.go:535.3,537.18 2 0
github.com/AkhiraChain/akhiranode/x/clp/types/types.pb.go:540.4,541.48 2 0
github.com/AkhiraChain/akhiranode/x/clp/types/types.pb.go:537.18,539.5 1 0
github.com/AkhiraChain/akhiranode/x/clp/types/types.pb.go:549.63,552.16 3 0
github.com/AkhiraChain/akhiranode/x/clp/types/types.pb.go:557.2,558.13 2 0
github.com/AkhiraChain/akhiranode/x/clp/types/types.pb.go:552.16,556.3 3 0
github.com/AkhiraChain/akhiranode/x/clp/types/types.pb.go:560.32,561.14 1 0
github.com/AkhiraChain/akhiranode/x/clp/types/types.pb.go:564.2,567.11 4 0
github.com/AkhiraChain/akhiranode/x/clp/types/types.pb.go:570.2,570.10 1 0
github.com/AkhiraChain/akhiranode/x/clp/types/types.pb.go:561.14,563.3 1 0
github.com/AkhiraChain/akhiranode/x/clp/types/types.pb.go:567.11,569.3 1 0
github.com/AkhiraChain/akhiranode/x/clp/types/types.pb.go:573.31,574.14 1 0
github.com/AkhiraChain/akhiranode/x/clp/types/types.pb.go:577.2,579.28 3 0
github.com/AkhiraChain/akhiranode/x/clp/types/types.pb.go:583.2,589.10 7 0
github.com/AkhiraChain/akhiranode/x/clp/types/types.pb.go:574.14,576.3 1 0
github.com/AkhiraChain/akhiranode/x/clp/types/types.pb.go:579.28,582.3 2 0
github.com/AkhiraChain/akhiranode/x/clp/types/types.pb.go:592.44,593.14 1 0
github.com/AkhiraChain/akhiranode/x/clp/types/types.pb.go:596.2,598.20 3 0
github.com/AkhiraChain/akhiranode/x/clp/types/types.pb.go:602.2,605.11 4 0
github.com/AkhiraChain/akhiranode/x/clp/types/types.pb.go:608.2,608.10 1 0
github.com/AkhiraChain/akhiranode/x/clp/types/types.pb.go:593.14,595.3 1 0
github.com/AkhiraChain/akhiranode/x/clp/types/types.pb.go:598.20,601.3 2 0
github.com/AkhiraChain/akhiranode/x/clp/types/types.pb.go:605.11,607.3 1 0
github.com/AkhiraChain/akhiranode/x/clp/types/types.pb.go:611.36,612.14 1 0
github.com/AkhiraChain/akhiranode/x/clp/types/types.pb.go:615.2,617.30 3 0
github.com/AkhiraChain/akhiranode/x/clp/types/types.pb.go:623.2,623.10 1 0
github.com/AkhiraChain/akhiranode/x/clp/types/types.pb.go:612.14,614.3 1 0
github.com/AkhiraChain/akhiranode/x/clp/types/types.pb.go:617.30,618.37 1 0
github.com/AkhiraChain/akhiranode/x/clp/types/types.pb.go:618.37,621.4 2 0
github.com/AkhiraChain/akhiranode/x/clp/types/types.pb.go:626.48,627.14 1 0
github.com/AkhiraChain/akhiranode/x/clp/types/types.pb.go:630.2,632.32 3 0
github.com/AkhiraChain/akhiranode/x/clp/types/types.pb.go:636.2,637.11 2 0
github.com/AkhiraChain/akhiranode/x/clp/types/types.pb.go:640.2,641.11 2 0
github.com/AkhiraChain/akhiranode/x/clp/types/types.pb.go:644.2,644.10 1 0
github.com/AkhiraChain/akhiranode/x/clp/types/types.pb.go:627.14,629.3 1 0
github.com/AkhiraChain/akhiranode/x/clp/types/types.pb.go:632.32,635.3 2 0
github.com/AkhiraChain/akhiranode/x/clp/types/types.pb.go:637.11,639.3 1 0
github.com/AkhiraChain/akhiranode/x/clp/types/types.pb.go:641.11,643.3 1 0
github.com/AkhiraChain/akhiranode/x/clp/types/types.pb.go:647.33,649.2 1 0
github.com/AkhiraChain/akhiranode/x/clp/types/types.pb.go:650.33,652.2 1 0
github.com/AkhiraChain/akhiranode/x/clp/types/types.pb.go:653.46,656.16 3 0
github.com/AkhiraChain/akhiranode/x/clp/types/types.pb.go:730.2,730.15 1 0
github.com/AkhiraChain/akhiranode/x/clp/types/types.pb.go:733.2,733.12 1 0
github.com/AkhiraChain/akhiranode/x/clp/types/types.pb.go:656.16,659.38 3 0
github.com/AkhiraChain/akhiranode/x/clp/types/types.pb.go:673.3,675.20 3 0
github.com/AkhiraChain/akhiranode/x/clp/types/types.pb.go:678.3,678.20 1 0
github.com/AkhiraChain/akhiranode/x/clp/types/types.pb.go:681.3,681.19 1 0
github.com/AkhiraChain/akhiranode/x/clp/types/types.pb.go:659.38,660.19 1 0
github.com/AkhiraChain/akhiranode/x/clp/types/types.pb.go:663.4,663.18 1 0
github.com/AkhiraChain/akhiranode/x/clp/types/types.pb.go:666.4,669.16 4 0
github.com/AkhiraChain/akhiranode/x/clp/types/types.pb.go:660.19,662.5 1 0
github.com/AkhiraChain/akhiranode/x/clp/types/types.pb.go:663.18,665.5 1 0
github.com/AkhiraChain/akhiranode/x/clp/types/types.pb.go:669.16,670.10 1 0
github.com/AkhiraChain/akhiranode/x/clp/types/types.pb.go:675.20,677.4 1 0
github.com/AkhiraChain/akhiranode/x/clp/types/types.pb.go:678.20,680.4 1 0
github.com/AkhiraChain/akhiranode/x/clp/types/types.pb.go:682.10,683.21 1 0
github.com/AkhiraChain/akhiranode/x/clp/types/types.pb.go:686.4,687.39 2 0
github.com/AkhiraChain/akhiranode/x/clp/types/types.pb.go:701.4,702.24 2 0
github.com/AkhiraChain/akhiranode/x/clp/types/types.pb.go:705.4,706.21 2 0
github.com/AkhiraChain/akhiranode/x/clp/types/types.pb.go:709.4,709.21 1 0
github.com/AkhiraChain/akhiranode/x/clp/types/types.pb.go:712.4,713.21 2 0
github.com/AkhiraChain/akhiranode/x/clp/types/types.pb.go:714.11,717.18 3 0
github.com/AkhiraChain/akhiranode/x/clp/types/types.pb.go:720.4,720.42 1 0
github.com/AkhiraChain/akhiranode/x/clp/types/types.pb.go:723.4,723.28 1 0
github.com/AkhiraChain/akhiranode/x/clp/types/types.pb.go:726.4,726.19 1 0
github.com/AkhiraChain/akhiranode/x/clp/types/types.pb.go:683.21,685.5 1 0
github.com/AkhiraChain/akhiranode/x/clp/types/types.pb.go:687.39,688.20 1 0
github.com/AkhiraChain/akhiranode/x/clp/types/types.pb.go:691.5,691.19 1 0
github.com/AkhiraChain/akhiranode/x/clp/types/types.pb.go:694.5,697.17 4 0
github.com/AkhiraChain/akhiranode/x/clp/types/types.pb.go:688.20,690.6 1 0
github.com/AkhiraChain/akhiranode/x/clp/types/types.pb.go:691.19,693.6 1 0
github.com/AkhiraChain/akhiranode/x/clp/types/types.pb.go:697.17,698.11 1 0
github.com/AkhiraChain/akhiranode/x/clp/types/types.pb.go:702.24,704.5 1 0
github.com/AkhiraChain/akhiranode/x/clp/types/types.pb.go:706.21,708.5 1 0
github.com/AkhiraChain/akhiranode/x/clp/types/types.pb.go:709.21,711.5 1 0
github.com/AkhiraChain/akhiranode/x/clp/types/types.pb.go:717.18,719.5 1 0
github.com/AkhiraChain/akhiranode/x/clp/types/types.pb.go:720.42,722.5 1 0
github.com/AkhiraChain/akhiranode/x/clp/types/types.pb.go:723.28,725.5 1 0
github.com/AkhiraChain/akhiranode/x/clp/types/types.pb.go:730.15,732.3 1 0
github.com/AkhiraChain/akhiranode/x/clp/types/types.pb.go:735.45,738.16 3 0
github.com/AkhiraChain/akhiranode/x/clp/types/types.pb.go:918.2,918.15 1 0
github.com/AkhiraChain/akhiranode/x/clp/types/types.pb.go:921.2,921.12 1 0
github.com/AkhiraChain/akhiranode/x/clp/types/types.pb.go:738.16,741.38 3 0
github.com/AkhiraChain/akhiranode/x/clp/types/types.pb.go:755.3,757.20 3 0
github.com/AkhiraChain/akhiranode/x/clp/types/types.pb.go:760.3,760.20 1 0
github.com/AkhiraChain/akhiranode/x/clp/types/types.pb.go:763.3,763.19 1 0
github.com/AkhiraChain/akhiranode/x/clp/types/types.pb.go:741.38,742.19 1 0
github.com/AkhiraChain/akhiranode/x/clp/types/types.pb.go:745.4,745.18 1 0
github.com/AkhiraChain/akhiranode/x/clp/types/types.pb.go:748.4,751.16 4 0
github.com/AkhiraChain/akhiranode/x/clp/types/types.pb.go:742.19,744.5 1 0
github.com/AkhiraChain/akhiranode/x/clp/types/types.pb.go:745.18,747.5 1 0
github.com/AkhiraChain/akhiranode/x/clp/types/types.pb.go:751.16,752.10 1 0
github.com/AkhiraChain/akhiranode/x/clp/types/types.pb.go:757.20,759.4 1 0
github.com/AkhiraChain/akhiranode/x/clp/types/types.pb.go:760.20,762.4 1 0
github.com/AkhiraChain/akhiranode/x/clp/types/types.pb.go:764.10,765.21 1 0
github.com/AkhiraChain/akhiranode/x/clp/types/types.pb.go:768.4,769.39 2 0
github.com/AkhiraChain/akhiranode/x/clp/types/types.pb.go:783.4,783.18 1 0
github.com/AkhiraChain/akhiranode/x/clp/types/types.pb.go:786.4,787.21 2 0
github.com/AkhiraChain/akhiranode/x/clp/types/types.pb.go:790.4,790.21 1 0
github.com/AkhiraChain/akhiranode/x/clp/types/types.pb.go:793.4,793.30 1 0
github.com/AkhiraChain/akhiranode/x/clp/types/types.pb.go:796.4,796.75 1 0
github.com/AkhiraChain/akhiranode/x/clp/types/types.pb.go:799.4,799.21 1 0
github.com/AkhiraChain/akhiranode/x/clp/types/types.pb.go:800.10,801.21 1 0
github.com/AkhiraChain/akhiranode/x/clp/types/types.pb.go:804.4,805.39 2 0
github.com/AkhiraChain/akhiranode/x/clp/types/types.pb.go:819.4,820.24 2 0
github.com/AkhiraChain/akhiranode/x/clp/types/types.pb.go:823.4,824.21 2 0
github.com/AkhiraChain/akhiranode/x/clp/types/types.pb.go:827.4,827.21 1 0
github.com/AkhiraChain/akhiranode/x/clp/types/types.pb.go:830.4,830.80 1 0
github.com/AkhiraChain/akhiranode/x/clp/types/types.pb.go:833.4,833.21 1 0
github.com/AkhiraChain/akhiranode/x/clp/types/types.pb.go:834.10,835.21 1 0
github.com/AkhiraChain/akhiranode/x/clp/types/types.pb.go:838.4,839.39 2 0
github.com/AkhiraChain/akhiranode/x/clp/types/types.pb.go:853.4,854.24 2 0
github.com/AkhiraChain/akhiranode/x/clp/types/types.pb.go:857.4,858.21 2 0
github.com/AkhiraChain/akhiranode/x/clp/types/types.pb.go:861.4,861.21 1 0
github.com/AkhiraChain/akhiranode/x/clp/types/types.pb.go:864.4,864.82 1 0
github.com/AkhiraChain/akhiranode/x/clp/types/types.pb.go:867.4,867.21 1 0
github.com/AkhiraChain/akhiranode/x/clp/types/types.pb.go:868.10,869.21 1 0
github.com/AkhiraChain/akhiranode/x/clp/types/types.pb.go:872.4,873.39 2 0
github.com/AkhiraChain/akhiranode/x/clp/types/types.pb.go:887.4,888.24 2 0
github.com/AkhiraChain/akhiranode/x/clp/types/types.pb.go:891.4,892.21 2 0
github.com/AkhiraChain/akhiranode/x/clp/types/types.pb.go:895.4,895.21 1 0
github.com/AkhiraChain/akhiranode/x/clp/types/types.pb.go:898.4,898.71 1 0
github.com/AkhiraChain/akhiranode/x/clp/types/types.pb.go:901.4,901.21 1 0
github.com/AkhiraChain/akhiranode/x/clp/types/types.pb.go:902.11,905.18 3 0
github.com/AkhiraChain/akhiranode/x/clp/types/types.pb.go:908.4,908.42 1 0
github.com/AkhiraChain/akhiranode/x/clp/types/types.pb.go:911.4,911.28 1 0
github.com/AkhiraChain/akhiranode/x/clp/types/types.pb.go:914.4,914.19 1 0
github.com/AkhiraChain/akhiranode/x/clp/types/types.pb.go:765.21,767.5 1 0
github.com/AkhiraChain/akhiranode/x/clp/types/types.pb.go:769.39,770.20 1 0
github.com/AkhiraChain/akhiranode/x/clp/types/types.pb.go:773.5,773.19 1 0
github.com/AkhiraChain/akhiranode/x/clp/types/types.pb.go:776.5,779.17 4 0
github.com/AkhiraChain/akhiranode/x/clp/types/types.pb.go:770.20,772.6 1 0
github.com/AkhiraChain/akhiranode/x/clp/types/types.pb.go:773.19,775.6 1 0
github.com/AkhiraChain/akhiranode/x/clp/types/types.pb.go:779.17,780.11 1 0
github.com/AkhiraChain/akhiranode/x/clp/types/types.pb.go:783.18,785.5 1 0
github.com/AkhiraChain/akhiranode/x/clp/types/types.pb.go:787.21,789.5 1 0
github.com/AkhiraChain/akhiranode/x/clp/types/types.pb.go:790.21,792.5 1 0
github.com/AkhiraChain/akhiranode/x/clp/types/types.pb.go:793.30,795.5 1 0
github.com/AkhiraChain/akhiranode/x/clp/types/types.pb.go:796.75,798.5 1 0
github.com/AkhiraChain/akhiranode/x/clp/types/types.pb.go:801.21,803.5 1 0
github.com/AkhiraChain/akhiranode/x/clp/types/types.pb.go:805.39,806.20 1 0
github.com/AkhiraChain/akhiranode/x/clp/types/types.pb.go:809.5,809.19 1 0
github.com/AkhiraChain/akhiranode/x/clp/types/types.pb.go:812.5,815.17 4 0
github.com/AkhiraChain/akhiranode/x/clp/types/types.pb.go:806.20,808.6 1 0
github.com/AkhiraChain/akhiranode/x/clp/types/types.pb.go:809.19,811.6 1 0
github.com/AkhiraChain/akhiranode/x/clp/types/types.pb.go:815.17,816.11 1 0
github.com/AkhiraChain/akhiranode/x/clp/types/types.pb.go:820.24,822.5 1 0
github.com/AkhiraChain/akhiranode/x/clp/types/types.pb.go:824.21,826.5 1 0
github.com/AkhiraChain/akhiranode/x/clp/types/types.pb.go:827.21,829.5 1 0
github.com/AkhiraChain/akhiranode/x/clp/types/types.pb.go:830.80,832.5 1 0
github.com/AkhiraChain/akhiranode/x/clp/types/types.pb.go:835.21,837.5 1 0
github.com/AkhiraChain/akhiranode/x/clp/types/types.pb.go:839.39,840.20 1 0
github.com/AkhiraChain/akhiranode/x/clp/types/types.pb.go:843.5,843.19 1 0
github.com/AkhiraChain/akhiranode/x/clp/types/types.pb.go:846.5,849.17 4 0
github.com/AkhiraChain/akhiranode/x/clp/types/types.pb.go:840.20,842.6 1 0
github.com/AkhiraChain/akhiranode/x/clp/types/types.pb.go:843.19,845.6 1 0
github.com/AkhiraChain/akhiranode/x/clp/types/types.pb.go:849.17,850.11 1 0
github.com/AkhiraChain/akhiranode/x/clp/types/types.pb.go:854.24,856.5 1 0
github.com/AkhiraChain/akhiranode/x/clp/types/types.pb.go:858.21,860.5 1 0
github.com/AkhiraChain/akhiranode/x/clp/types/types.pb.go:861.21,863.5 1 0
github.com/AkhiraChain/akhiranode/x/clp/types/types.pb.go:864.82,866.5 1 0
github.com/AkhiraChain/akhiranode/x/clp/types/types.pb.go:869.21,871.5 1 0
github.com/AkhiraChain/akhiranode/x/clp/types/types.pb.go:873.39,874.20 1 0
github.com/AkhiraChain/akhiranode/x/clp/types/types.pb.go:877.5,877.19 1 0
github.com/AkhiraChain/akhiranode/x/clp/types/types.pb.go:880.5,883.17 4 0
github.com/AkhiraChain/akhiranode/x/clp/types/types.pb.go:874.20,876.6 1 0
github.com/AkhiraChain/akhiranode/x/clp/types/types.pb.go:877.19,879.6 1 0
github.com/AkhiraChain/akhiranode/x/clp/types/types.pb.go:883.17,884.11 1 0
github.com/AkhiraChain/akhiranode/x/clp/types/types.pb.go:888.24,890.5 1 0
github.com/AkhiraChain/akhiranode/x/clp/types/types.pb.go:892.21,894.5 1 0
github.com/AkhiraChain/akhiranode/x/clp/types/types.pb.go:895.21,897.5 1 0
github.com/AkhiraChain/akhiranode/x/clp/types/types.pb.go:898.71,900.5 1 0
github.com/AkhiraChain/akhiranode/x/clp/types/types.pb.go:905.18,907.5 1 0
github.com/AkhiraChain/akhiranode/x/clp/types/types.pb.go:908.42,910.5 1 0
github.com/AkhiraChain/akhiranode/x/clp/types/types.pb.go:911.28,913.5 1 0
github.com/AkhiraChain/akhiranode/x/clp/types/types.pb.go:918.15,920.3 1 0
github.com/AkhiraChain/akhiranode/x/clp/types/types.pb.go:923.58,926.16 3 0
github.com/AkhiraChain/akhiranode/x/clp/types/types.pb.go:1070.2,1070.15 1 0
github.com/AkhiraChain/akhiranode/x/clp/types/types.pb.go:1073.2,1073.12 1 0
github.com/AkhiraChain/akhiranode/x/clp/types/types.pb.go:926.16,929.38 3 0
github.com/AkhiraChain/akhiranode/x/clp/types/types.pb.go:943.3,945.20 3 0
github.com/AkhiraChain/akhiranode/x/clp/types/types.pb.go:948.3,948.20 1 0
github.com/AkhiraChain/akhiranode/x/clp/types/types.pb.go:951.3,951.19 1 0
github.com/AkhiraChain/akhiranode/x/clp/types/types.pb.go:929.38,930.19 1 0
github.com/AkhiraChain/akhiranode/x/clp/types/types.pb.go:933.4,933.18 1 0
github.com/AkhiraChain/akhiranode/x/clp/types/types.pb.go:936.4,939.16 4 0
github.com/AkhiraChain/akhiranode/x/clp/types/types.pb.go:930.19,932.5 1 0
github.com/AkhiraChain/akhiranode/x/clp/types/types.pb.go:933.18,935.5 1 0
github.com/AkhiraChain/akhiranode/x/clp/types/types.pb.go:939.16,940.10 1 0
github.com/AkhiraChain/akhiranode/x/clp/types/types.pb.go:945.20,947.4 1 0
github.com/AkhiraChain/akhiranode/x/clp/types/types.pb.go:948.20,950.4 1 0
github.com/AkhiraChain/akhiranode/x/clp/types/types.pb.go:952.10,953.21 1 0
github.com/AkhiraChain/akhiranode/x/clp/types/types.pb.go:956.4,957.39 2 0
github.com/AkhiraChain/akhiranode/x/clp/types/types.pb.go:971.4,971.18 1 0
github.com/AkhiraChain/akhiranode/x/clp/types/types.pb.go:974.4,975.21 2 0
github.com/AkhiraChain/akhiranode/x/clp/types/types.pb.go:978.4,978.21 1 0
github.com/AkhiraChain/akhiranode/x/clp/types/types.pb.go:981.4,981.22 1 0
github.com/AkhiraChain/akhiranode/x/clp/types/types.pb.go:984.4,984.67 1 0
github.com/AkhiraChain/akhiranode/x/clp/types/types.pb.go:987.4,987.21 1 0
github.com/AkhiraChain/akhiranode/x/clp/types/types.pb.go:988.10,989.21 1 0
github.com/AkhiraChain/akhiranode/x/clp/types/types.pb.go:992.4,993.39 2 0
github.com/AkhiraChain/akhiranode/x/clp/types/types.pb.go:1007.4,1008.24 2 0
github.com/AkhiraChain/akhiranode/x/clp/types/types.pb.go:1011.4,1012.21 2 0
github.com/AkhiraChain/akhiranode/x/clp/types/types.pb.go:1015.4,1015.21 1 0
github.com/AkhiraChain/akhiranode/x/clp/types/types.pb.go:1018.4,1018.84 1 0
github.com/AkhiraChain/akhiranode/x/clp/types/types.pb.go:1021.4,1021.21 1 0
github.com/AkhiraChain/akhiranode/x/clp/types/types.pb.go:1022.10,1023.21 1 0
github.com/AkhiraChain/akhiranode/x/clp/types/types.pb.go:1026.4,1027.39 2 0
github.com/AkhiraChain/akhiranode/x/clp/types/types.pb.go:1041.4,1042.24 2 0
github.com/AkhiraChain/akhiranode/x/clp/types/types.pb.go:1045.4,1046.21 2 0
github.com/AkhiraChain/akhiranode/x/clp/types/types.pb.go:1049.4,1049.21 1 0
github.com/AkhiraChain/akhiranode/x/clp/types/types.pb.go:1052.4,1053.21 2 0
github.com/AkhiraChain/akhiranode/x/clp/types/types.pb.go:1054.11,1057.18 3 0
github.com/AkhiraChain/akhiranode/x/clp/types/types.pb.go:1060.4,1060.42 1 0
github.com/AkhiraChain/akhiranode/x/clp/types/types.pb.go:1063.4,1063.28 1 0
github.com/AkhiraChain/akhiranode/x/clp/types/types.pb.go:1066.4,1066.19 1 0
github.com/AkhiraChain/akhiranode/x/clp/types/types.pb.go:953.21,955.5 1 0
github.com/AkhiraChain/akhiranode/x/clp/types/types.pb.go:957.39,958.20 1 0
github.com/AkhiraChain/akhiranode/x/clp/types/types.pb.go:961.5,961.19 1 0
github.com/AkhiraChain/akhiranode/x/clp/types/types.pb.go:964.5,967.17 4 0
github.com/AkhiraChain/akhiranode/x/clp/types/types.pb.go:958.20,960.6 1 0
github.com/AkhiraChain/akhiranode/x/clp/types/types.pb.go:961.19,963.6 1 0
github.com/AkhiraChain/akhiranode/x/clp/types/types.pb.go:967.17,968.11 1 0
github.com/AkhiraChain/akhiranode/x/clp/types/types.pb.go:971.18,973.5 1 0
github.com/AkhiraChain/akhiranode/x/clp/types/types.pb.go:975.21,977.5 1 0
github.com/AkhiraChain/akhiranode/x/clp/types/types.pb.go:978.21,980.5 1 0
github.com/AkhiraChain/akhiranode/x/clp/types/types.pb.go:981.22,983.5 1 0
github.com/AkhiraChain/akhiranode/x/clp/types/types.pb.go:984.67,986.5 1 0
github.com/AkhiraChain/akhiranode/x/clp/types/types.pb.go:989.21,991.5 1 0
github.com/AkhiraChain/akhiranode/x/clp/types/types.pb.go:993.39,994.20 1 0
github.com/AkhiraChain/akhiranode/x/clp/types/types.pb.go:997.5,997.19 1 0
github.com/AkhiraChain/akhiranode/x/clp/types/types.pb.go:1000.5,1003.17 4 0
github.com/AkhiraChain/akhiranode/x/clp/types/types.pb.go:994.20,996.6 1 0
github.com/AkhiraChain/akhiranode/x/clp/types/types.pb.go:997.19,999.6 1 0
github.com/AkhiraChain/akhiranode/x/clp/types/types.pb.go:1003.17,1004.11 1 0
github.com/AkhiraChain/akhiranode/x/clp/types/types.pb.go:1008.24,1010.5 1 0
github.com/AkhiraChain/akhiranode/x/clp/types/types.pb.go:1012.21,1014.5 1 0
github.com/AkhiraChain/akhiranode/x/clp/types/types.pb.go:1015.21,1017.5 1 0
github.com/AkhiraChain/akhiranode/x/clp/types/types.pb.go:1018.84,1020.5 1 0
github.com/AkhiraChain/akhiranode/x/clp/types/types.pb.go:1023.21,1025.5 1 0
github.com/AkhiraChain/akhiranode/x/clp/types/types.pb.go:1027.39,1028.20 1 0
github.com/AkhiraChain/akhiranode/x/clp/types/types.pb.go:1031.5,1031.19 1 0
github.com/AkhiraChain/akhiranode/x/clp/types/types.pb.go:1034.5,1037.17 4 0
github.com/AkhiraChain/akhiranode/x/clp/types/types.pb.go:1028.20,1030.6 1 0
github.com/AkhiraChain/akhiranode/x/clp/types/types.pb.go:1031.19,1033.6 1 0
github.com/AkhiraChain/akhiranode/x/clp/types/types.pb.go:1037.17,1038.11 1 0
github.com/AkhiraChain/akhiranode/x/clp/types/types.pb.go:1042.24,1044.5 1 0
github.com/AkhiraChain/akhiranode/x/clp/types/types.pb.go:1046.21,1048.5 1 0
github.com/AkhiraChain/akhiranode/x/clp/types/types.pb.go:1049.21,1051.5 1 0
github.com/AkhiraChain/akhiranode/x/clp/types/types.pb.go:1057.18,1059.5 1 0
github.com/AkhiraChain/akhiranode/x/clp/types/types.pb.go:1060.42,1062.5 1 0
github.com/AkhiraChain/akhiranode/x/clp/types/types.pb.go:1063.28,1065.5 1 0
github.com/AkhiraChain/akhiranode/x/clp/types/types.pb.go:1070.15,1072.3 1 0
github.com/AkhiraChain/akhiranode/x/clp/types/types.pb.go:1075.50,1078.16 3 0
github.com/AkhiraChain/akhiranode/x/clp/types/types.pb.go:1152.2,1152.15 1 0
github.com/AkhiraChain/akhiranode/x/clp/types/types.pb.go:1155.2,1155.12 1 0
github.com/AkhiraChain/akhiranode/x/clp/types/types.pb.go:1078.16,1081.38 3 0
github.com/AkhiraChain/akhiranode/x/clp/types/types.pb.go:1095.3,1097.20 3 0
github.com/AkhiraChain/akhiranode/x/clp/types/types.pb.go:1100.3,1100.20 1 0
github.com/AkhiraChain/akhiranode/x/clp/types/types.pb.go:1103.3,1103.19 1 0
github.com/AkhiraChain/akhiranode/x/clp/types/types.pb.go:1081.38,1082.19 1 0
github.com/AkhiraChain/akhiranode/x/clp/types/types.pb.go:1085.4,1085.18 1 0
github.com/AkhiraChain/akhiranode/x/clp/types/types.pb.go:1088.4,1091.16 4 0
github.com/AkhiraChain/akhiranode/x/clp/types/types.pb.go:1082.19,1084.5 1 0
github.com/AkhiraChain/akhiranode/x/clp/types/types.pb.go:1085.18,1087.5 1 0
github.com/AkhiraChain/akhiranode/x/clp/types/types.pb.go:1091.16,1092.10 1 0
github.com/AkhiraChain/akhiranode/x/clp/types/types.pb.go:1097.20,1099.4 1 0
github.com/AkhiraChain/akhiranode/x/clp/types/types.pb.go:1100.20,1102.4 1 0
github.com/AkhiraChain/akhiranode/x/clp/types/types.pb.go:1104.10,1105.21 1 0
github.com/AkhiraChain/akhiranode/x/clp/types/types.pb.go:1108.4,1109.39 2 0
github.com/AkhiraChain/akhiranode/x/clp/types/types.pb.go:1123.4,1124.24 2 0
github.com/AkhiraChain/akhiranode/x/clp/types/types.pb.go:1127.4,1128.21 2 0
github.com/AkhiraChain/akhiranode/x/clp/types/types.pb.go:1131.4,1131.21 1 0
github.com/AkhiraChain/akhiranode/x/clp/types/types.pb.go:1134.4,1135.21 2 0
github.com/AkhiraChain/akhiranode/x/clp/types/types.pb.go:1136.11,1139.18 3 0
github.com/AkhiraChain/akhiranode/x/clp/types/types.pb.go:1142.4,1142.42 1 0
github.com/AkhiraChain/akhiranode/x/clp/types/types.pb.go:1145.4,1145.28 1 0
github.com/AkhiraChain/akhiranode/x/clp/types/types.pb.go:1148.4,1148.19 1 0
github.com/AkhiraChain/akhiranode/x/clp/types/types.pb.go:1105.21,1107.5 1 0
github.com/AkhiraChain/akhiranode/x/clp/types/types.pb.go:1109.39,1110.20 1 0
github.com/AkhiraChain/akhiranode/x/clp/types/types.pb.go:1113.5,1113.19 1 0
github.com/AkhiraChain/akhiranode/x/clp/types/types.pb.go:1116.5,1119.17 4 0
github.com/AkhiraChain/akhiranode/x/clp/types/types.pb.go:1110.20,1112.6 1 0
github.com/AkhiraChain/akhiranode/x/clp/types/types.pb.go:1113.19,1115.6 1 0
github.com/AkhiraChain/akhiranode/x/clp/types/types.pb.go:1119.17,1120.11 1 0
github.com/AkhiraChain/akhiranode/x/clp/types/types.pb.go:1124.24,1126.5 1 0
github.com/AkhiraChain/akhiranode/x/clp/types/types.pb.go:1128.21,1130.5 1 0
github.com/AkhiraChain/akhiranode/x/clp/types/types.pb.go:1131.21,1133.5 1 0
github.com/AkhiraChain/akhiranode/x/clp/types/types.pb.go:1139.18,1141.5 1 0
github.com/AkhiraChain/akhiranode/x/clp/types/types.pb.go:1142.42,1144.5 1 0
github.com/AkhiraChain/akhiranode/x/clp/types/types.pb.go:1145.28,1147.5 1 0
github.com/AkhiraChain/akhiranode/x/clp/types/types.pb.go:1152.15,1154.3 1 0
github.com/AkhiraChain/akhiranode/x/clp/types/types.pb.go:1157.62,1160.16 3 0
github.com/AkhiraChain/akhiranode/x/clp/types/types.pb.go:1302.2,1302.15 1 0
github.com/AkhiraChain/akhiranode/x/clp/types/types.pb.go:1305.2,1305.12 1 0
github.com/AkhiraChain/akhiranode/x/clp/types/types.pb.go:1160.16,1163.38 3 0
github.com/AkhiraChain/akhiranode/x/clp/types/types.pb.go:1177.3,1179.20 3 0
github.com/AkhiraChain/akhiranode/x/clp/types/types.pb.go:1182.3,1182.20 1 0
github.com/AkhiraChain/akhiranode/x/clp/types/types.pb.go:1185.3,1185.19 1 0
github.com/AkhiraChain/akhiranode/x/clp/types/types.pb.go:1163.38,1164.19 1 0
github.com/AkhiraChain/akhiranode/x/clp/types/types.pb.go:1167.4,1167.18 1 0
github.com/AkhiraChain/akhiranode/x/clp/types/types.pb.go:1170.4,1173.16 4 0
github.com/AkhiraChain/akhiranode/x/clp/types/types.pb.go:1164.19,1166.5 1 0
github.com/AkhiraChain/akhiranode/x/clp/types/types.pb.go:1167.18,1169.5 1 0
github.com/AkhiraChain/akhiranode/x/clp/types/types.pb.go:1173.16,1174.10 1 0
github.com/AkhiraChain/akhiranode/x/clp/types/types.pb.go:1179.20,1181.4 1 0
github.com/AkhiraChain/akhiranode/x/clp/types/types.pb.go:1182.20,1184.4 1 0
github.com/AkhiraChain/akhiranode/x/clp/types/types.pb.go:1186.10,1187.21 1 0
github.com/AkhiraChain/akhiranode/x/clp/types/types.pb.go:1190.4,1191.39 2 0
github.com/AkhiraChain/akhiranode/x/clp/types/types.pb.go:1205.4,1205.18 1 0
github.com/AkhiraChain/akhiranode/x/clp/types/types.pb.go:1208.4,1209.21 2 0
github.com/AkhiraChain/akhiranode/x/clp/types/types.pb.go:1212.4,1212.21 1 0
github.com/AkhiraChain/akhiranode/x/clp/types/types.pb.go:1215.4,1215.34 1 0
github.com/AkhiraChain/akhiranode/x/clp/types/types.pb.go:1218.4,1218.79 1 0
github.com/AkhiraChain/akhiranode/x/clp/types/types.pb.go:1221.4,1221.21 1 0
github.com/AkhiraChain/akhiranode/x/clp/types/types.pb.go:1222.10,1223.21 1 0
github.com/AkhiraChain/akhiranode/x/clp/types/types.pb.go:1226.4,1227.39 2 0
github.com/AkhiraChain/akhiranode/x/clp/types/types.pb.go:1241.4,1242.24 2 0
github.com/AkhiraChain/akhiranode/x/clp/types/types.pb.go:1245.4,1246.21 2 0
github.com/AkhiraChain/akhiranode/x/clp/types/types.pb.go:1249.4,1249.21 1 0
github.com/AkhiraChain/akhiranode/x/clp/types/types.pb.go:1252.4,1253.21 2 0
github.com/AkhiraChain/akhiranode/x/clp/types/types.pb.go:1254.10,1255.21 1 0
github.com/AkhiraChain/akhiranode/x/clp/types/types.pb.go:1258.4,1259.39 2 0
github.com/AkhiraChain/akhiranode/x/clp/types/types.pb.go:1273.4,1274.24 2 0
github.com/AkhiraChain/akhiranode/x/clp/types/types.pb.go:1277.4,1278.21 2 0
github.com/AkhiraChain/akhiranode/x/clp/types/types.pb.go:1281.4,1281.21 1 0
github.com/AkhiraChain/akhiranode/x/clp/types/types.pb.go:1284.4,1285.21 2 0
github.com/AkhiraChain/akhiranode/x/clp/types/types.pb.go:1286.11,1289.18 3 0
github.com/AkhiraChain/akhiranode/x/clp/types/types.pb.go:1292.4,1292.42 1 0
github.com/AkhiraChain/akhiranode/x/clp/types/types.pb.go:1295.4,1295.28 1 0
github.com/AkhiraChain/akhiranode/x/clp/types/types.pb.go:1298.4,1298.19 1 0
github.com/AkhiraChain/akhiranode/x/clp/types/types.pb.go:1187.21,1189.5 1 0
github.com/AkhiraChain/akhiranode/x/clp/types/types.pb.go:1191.39,1192.20 1 0
github.com/AkhiraChain/akhiranode/x/clp/types/types.pb.go:1195.5,1195.19 1 0
github.com/AkhiraChain/akhiranode/x/clp/types/types.pb.go:1198.5,1201.17 4 0
github.com/AkhiraChain/akhiranode/x/clp/types/types.pb.go:1192.20,1194.6 1 0
github.com/AkhiraChain/akhiranode/x/clp/types/types.pb.go:1195.19,1197.6 1 0
github.com/AkhiraChain/akhiranode/x/clp/types/types.pb.go:1201.17,1202.11 1 0
github.com/AkhiraChain/akhiranode/x/clp/types/types.pb.go:1205.18,1207.5 1 0
github.com/AkhiraChain/akhiranode/x/clp/types/types.pb.go:1209.21,1211.5 1 0
github.com/AkhiraChain/akhiranode/x/clp/types/types.pb.go:1212.21,1214.5 1 0
github.com/AkhiraChain/akhiranode/x/clp/types/types.pb.go:1215.34,1217.5 1 0
github.com/AkhiraChain/akhiranode/x/clp/types/types.pb.go:1218.79,1220.5 1 0
[...]
github.com/AkhiraChain/akhiranode/x/tokenregistry/types/tx.pb.go:1292.10,1293.39 1 0
github.com/AkhiraChain/akhiranode/x/tokenregistry/types/tx.pb.go:1305.10,1306.14 1 0
github.com/AkhiraChain/akhiranode/x/tokenregistry/types/tx.pb.go:1307.10,1309.39 2 0
github.com/AkhiraChain/akhiranode/x/tokenregistry/types/tx.pb.go:1323.4,1323.18 1 0
github.com/AkhiraChain/akhiranode/x/tokenregistry/types/tx.pb.go:1326.4,1326.19 1 0
github.com/AkhiraChain/akhiranode/x/tokenregistry/types/tx.pb.go:1327.10,1328.11 1 0
github.com/AkhiraChain/akhiranode/x/tokenregistry/types/tx.pb.go:1329.10,1330.18 1 0
github.com/AkhiraChain/akhiranode/x/tokenregistry/types/tx.pb.go:1333.4,1333.11 1 0
github.com/AkhiraChain/akhiranode/x/tokenregistry/types/tx.pb.go:1334.10,1335.14 1 0
github.com/AkhiraChain/akhiranode/x/tokenregistry/types/tx.pb.go:1336.11,1337.64 1 0
github.com/AkhiraChain/akhiranode/x/tokenregistry/types/tx.pb.go:1293.39,1294.20 1 0
github.com/AkhiraChain/akhiranode/x/tokenregistry/types/tx.pb.go:1297.5,1297.19 1 0
github.com/AkhiraChain/akhiranode/x/tokenregistry/types/tx.pb.go:1300.5,1301.29 2 0
github.com/AkhiraChain/akhiranode/x/tokenregistry/types/tx.pb.go:1294.20,1296.6 1 0
github.com/AkhiraChain/akhiranode/x/tokenregistry/types/tx.pb.go:1297.19,1299.6 1 0
github.com/AkhiraChain/akhiranode/x/tokenregistry/types/tx.pb.go:1301.29,1302.11 1 0
github.com/AkhiraChain/akhiranode/x/tokenregistry/types/tx.pb.go:1309.39,1310.20 1 0
github.com/AkhiraChain/akhiranode/x/tokenregistry/types/tx.pb.go:1313.5,1313.19 1 0
github.com/AkhiraChain/akhiranode/x/tokenregistry/types/tx.pb.go:1316.5,1319.17 4 0
github.com/AkhiraChain/akhiranode/x/tokenregistry/types/tx.pb.go:1310.20,1312.6 1 0
github.com/AkhiraChain/akhiranode/x/tokenregistry/types/tx.pb.go:1313.19,1315.6 1 0
github.com/AkhiraChain/akhiranode/x/tokenregistry/types/tx.pb.go:1319.17,1320.11 1 0
github.com/AkhiraChain/akhiranode/x/tokenregistry/types/tx.pb.go:1323.18,1325.5 1 0
github.com/AkhiraChain/akhiranode/x/tokenregistry/types/tx.pb.go:1330.18,1332.5 1 0
github.com/AkhiraChain/akhiranode/x/tokenregistry/types/tx.pb.go:1339.16,1341.4 1 0
github.com/AkhiraChain/akhiranode/x/tokenregistry/types/tx.pb.go:1342.17,1344.4 1 0
github.com/AkhiraChain/akhiranode/x/tokenregistry/types/codec.go:17.55,22.2 4 1
github.com/AkhiraChain/akhiranode/x/tokenregistry/types/codec.go:24.62,31.2 2 0
github.com/AkhiraChain/akhiranode/x/tokenregistry/types/codec.go:33.13,37.2 3 1
github.com/AkhiraChain/akhiranode/x/ibctransfer/keeper/msg_server.go:22.156,28.2 1 5
github.com/AkhiraChain/akhiranode/x/ibctransfer/keeper/msg_server.go:33.136,37.16 4 4
github.com/AkhiraChain/akhiranode/x/ibctransfer/keeper/msg_server.go:41.2,41.85 1 3
github.com/AkhiraChain/akhiranode/x/ibctransfer/keeper/msg_server.go:45.2,45.141 1 2
github.com/AkhiraChain/akhiranode/x/ibctransfer/keeper/msg_server.go:48.2,48.41 1 1
github.com/AkhiraChain/akhiranode/x/ibctransfer/keeper/msg_server.go:52.2,52.46 1 1
github.com/AkhiraChain/akhiranode/x/ibctransfer/keeper/msg_server.go:37.16,39.3 1 1
github.com/AkhiraChain/akhiranode/x/ibctransfer/keeper/msg_server.go:41.85,43.3 1 1
github.com/AkhiraChain/akhiranode/x/ibctransfer/keeper/msg_server.go:45.141,47.3 1 1
github.com/AkhiraChain/akhiranode/x/ibctransfer/keeper/msg_server.go:48.41,50.3 1 0
github.com/AkhiraChain/akhiranode/x/oracle/genesis.go:13.111,14.34 1 8
github.com/AkhiraChain/akhiranode/x/oracle/genesis.go:31.2,31.52 1 8
github.com/AkhiraChain/akhiranode/x/oracle/genesis.go:39.2,39.45 1 8
github.com/AkhiraChain/akhiranode/x/oracle/genesis.go:43.2,43.33 1 8
github.com/AkhiraChain/akhiranode/x/oracle/genesis.go:14.34,16.40 2 8
github.com/AkhiraChain/akhiranode/x/oracle/genesis.go:28.3,28.37 1 8
github.com/AkhiraChain/akhiranode/x/oracle/genesis.go:16.40,18.42 2 8
github.com/AkhiraChain/akhiranode/x/oracle/genesis.go:21.4,22.18 2 8
github.com/AkhiraChain/akhiranode/x/oracle/genesis.go:25.4,25.30 1 8
github.com/AkhiraChain/akhiranode/x/oracle/genesis.go:18.42,19.13 1 0
github.com/AkhiraChain/akhiranode/x/oracle/genesis.go:22.18,23.15 1 0
github.com/AkhiraChain/akhiranode/x/oracle/genesis.go:31.52,33.17 2 4
github.com/AkhiraChain/akhiranode/x/oracle/genesis.go:36.3,36.44 1 4
github.com/AkhiraChain/akhiranode/x/oracle/genesis.go:33.17,34.14 1 0
github.com/AkhiraChain/akhiranode/x/oracle/genesis.go:39.45,41.3 1 4
github.com/AkhiraChain/akhiranode/x/oracle/genesis.go:46.79,49.34 3 4
github.com/AkhiraChain/akhiranode/x/oracle/genesis.go:52.2,55.31 4 4
github.com/AkhiraChain/akhiranode/x/oracle/genesis.go:62.2,66.3 1 4
github.com/AkhiraChain/akhiranode/x/oracle/genesis.go:49.34,51.3 1 4
github.com/AkhiraChain/akhiranode/x/oracle/genesis.go:55.31,57.17 2 2
github.com/AkhiraChain/akhiranode/x/oracle/genesis.go:60.3,60.32 1 2
github.com/AkhiraChain/akhiranode/x/oracle/genesis.go:57.17,58.14 1 0
github.com/AkhiraChain/akhiranode/x/oracle/genesis.go:70.51,72.2 1 0
github.com/AkhiraChain/akhiranode/x/oracle/module.go:30.37,32.2 1 1
github.com/AkhiraChain/akhiranode/x/oracle/module.go:35.73,35.74 0 8
github.com/AkhiraChain/akhiranode/x/oracle/module.go:38.82,40.2 0 8
github.com/AkhiraChain/akhiranode/x/oracle/module.go:44.75,46.2 1 0
github.com/AkhiraChain/akhiranode/x/oracle/module.go:49.118,51.53 2 0
github.com/AkhiraChain/akhiranode/x/oracle/module.go:54.2,54.31 1 0
github.com/AkhiraChain/akhiranode/x/oracle/module.go:51.53,53.3 1 0
github.com/AkhiraChain/akhiranode/x/oracle/module.go:60.86,62.2 0 0
github.com/AkhiraChain/akhiranode/x/oracle/module.go:65.99,67.2 0 0
github.com/AkhiraChain/akhiranode/x/oracle/module.go:70.49,72.2 1 0
github.com/AkhiraChain/akhiranode/x/oracle/module.go:75.52,77.2 1 0
github.com/AkhiraChain/akhiranode/x/oracle/module.go:88.51,93.2 1 0
github.com/AkhiraChain/akhiranode/x/oracle/module.go:96.32,98.2 1 0
github.com/AkhiraChain/akhiranode/x/oracle/module.go:101.67,101.68 0 0
github.com/AkhiraChain/akhiranode/x/oracle/module.go:104.36,106.2 1 0
github.com/AkhiraChain/akhiranode/x/oracle/module.go:109.46,111.2 1 0
github.com/AkhiraChain/akhiranode/x/oracle/module.go:114.40,116.2 1 0
github.com/AkhiraChain/akhiranode/x/oracle/module.go:119.91,121.2 1 0
github.com/AkhiraChain/akhiranode/x/oracle/module.go:124.64,128.2 0 0
github.com/AkhiraChain/akhiranode/x/oracle/module.go:132.116,136.2 3 0
github.com/AkhiraChain/akhiranode/x/oracle/module.go:140.89,143.2 2 0
github.com/AkhiraChain/akhiranode/x/oracle/module.go:146.71,146.72 0 0
github.com/AkhiraChain/akhiranode/x/oracle/module.go:150.94,152.2 1 0
github.com/AkhiraChain/akhiranode/x/oracle/module.go:154.44,154.56 1 0
github.com/AkhiraChain/akhiranode/x/tokenregistry/handler/handler.go:13.45,15.65 2 6
github.com/AkhiraChain/akhiranode/x/tokenregistry/handler/handler.go:15.65,17.28 2 13
github.com/AkhiraChain/akhiranode/x/tokenregistry/handler/handler.go:18.27,20.47 2 7
github.com/AkhiraChain/akhiranode/x/tokenregistry/handler/handler.go:21.30,23.47 2 2
github.com/AkhiraChain/akhiranode/x/tokenregistry/handler/handler.go:24.29,26.47 2 4
github.com/AkhiraChain/akhiranode/x/tokenregistry/handler/handler.go:27.11,29.67 2 0
github.com/AkhiraChain/akhiranode/x/oracle/keeper/adminAccount.go:12.79,16.2 3 2
github.com/AkhiraChain/akhiranode/x/oracle/keeper/adminAccount.go:18.83,20.20 2 3
github.com/AkhiraChain/akhiranode/x/oracle/keeper/adminAccount.go:23.2,23.43 1 2
github.com/AkhiraChain/akhiranode/x/oracle/keeper/adminAccount.go:20.20,22.3 1 1
github.com/AkhiraChain/akhiranode/x/oracle/keeper/adminAccount.go:26.80,34.2 7 4
github.com/AkhiraChain/akhiranode/x/oracle/keeper/keeper.go:26.10,27.49 1 14
github.com/AkhiraChain/akhiranode/x/oracle/keeper/keeper.go:30.2,35.3 1 13
github.com/AkhiraChain/akhiranode/x/oracle/keeper/keeper.go:27.49,28.56 1 1
github.com/AkhiraChain/akhiranode/x/oracle/keeper/keeper.go:39.52,41.2 1 28
github.com/AkhiraChain/akhiranode/x/oracle/keeper/keeper.go:43.65,47.34 4 0
github.com/AkhiraChain/akhiranode/x/oracle/keeper/keeper.go:56.2,56.19 1 0
github.com/AkhiraChain/akhiranode/x/oracle/keeper/keeper.go:47.34,51.17 4 0
github.com/AkhiraChain/akhiranode/x/oracle/keeper/keeper.go:54.3,54.56 1 0
github.com/AkhiraChain/akhiranode/x/oracle/keeper/keeper.go:51.17,52.14 1 0
github.com/AkhiraChain/akhiranode/x/oracle/keeper/keeper.go:60.80,63.15 3 24
github.com/AkhiraChain/akhiranode/x/oracle/keeper/keeper.go:66.2,69.16 4 15
github.com/AkhiraChain/akhiranode/x/oracle/keeper/keeper.go:72.2,72.35 1 15
github.com/AkhiraChain/akhiranode/x/oracle/keeper/keeper.go:63.15,65.3 1 9
github.com/AkhiraChain/akhiranode/x/oracle/keeper/keeper.go:69.16,71.3 1 0
github.com/AkhiraChain/akhiranode/x/oracle/keeper/keeper.go:76.77,78.16 2 19
github.com/AkhiraChain/akhiranode/x/oracle/keeper/keeper.go:81.2,82.12 2 19
github.com/AkhiraChain/akhiranode/x/oracle/keeper/keeper.go:78.16,80.3 1 0
github.com/AkhiraChain/akhiranode/x/oracle/keeper/keeper.go:85.75,88.2 2 19
github.com/AkhiraChain/akhiranode/x/oracle/keeper/keeper.go:90.92,93.36 2 27
github.com/AkhiraChain/akhiranode/x/oracle/keeper/keeper.go:98.2,103.41 2 1
github.com/AkhiraChain/akhiranode/x/oracle/keeper/keeper.go:93.36,94.43 1 46
github.com/AkhiraChain/akhiranode/x/oracle/keeper/keeper.go:94.43,96.4 1 26
github.com/AkhiraChain/akhiranode/x/oracle/keeper/keeper.go:106.88,108.82 2 27
github.com/AkhiraChain/akhiranode/x/oracle/keeper/keeper.go:111.2,112.16 2 26
github.com/AkhiraChain/akhiranode/x/oracle/keeper/keeper.go:115.2,116.22 2 26
github.com/AkhiraChain/akhiranode/x/oracle/keeper/keeper.go:120.2,120.20 1 26
github.com/AkhiraChain/akhiranode/x/oracle/keeper/keeper.go:124.2,124.25 1 25
github.com/AkhiraChain/akhiranode/x/oracle/keeper/keeper.go:128.2,129.12 2 23
github.com/AkhiraChain/akhiranode/x/oracle/keeper/keeper.go:132.2,132.30 1 23
github.com/AkhiraChain/akhiranode/x/oracle/keeper/keeper.go:138.2,138.60 1 21
github.com/AkhiraChain/akhiranode/x/oracle/keeper/keeper.go:141.2,144.16 4 19
github.com/AkhiraChain/akhiranode/x/oracle/keeper/keeper.go:147.2,147.29 1 19
github.com/AkhiraChain/akhiranode/x/oracle/keeper/keeper.go:108.82,110.3 1 1
github.com/AkhiraChain/akhiranode/x/oracle/keeper/keeper.go:112.16,114.3 1 0
github.com/AkhiraChain/akhiranode/x/oracle/keeper/keeper.go:116.22,119.3 2 0
github.com/AkhiraChain/akhiranode/x/oracle/keeper/keeper.go:120.20,123.3 2 1
github.com/AkhiraChain/akhiranode/x/oracle/keeper/keeper.go:124.25,127.3 2 2
github.com/AkhiraChain/akhiranode/x/oracle/keeper/keeper.go:129.12,131.3 1 9
github.com/AkhiraChain/akhiranode/x/oracle/keeper/keeper.go:133.44,133.44 0 21
github.com/AkhiraChain/akhiranode/x/oracle/keeper/keeper.go:135.10,136.52 1 2
github.com/AkhiraChain/akhiranode/x/oracle/keeper/keeper.go:138.60,140.3 1 2
github.com/AkhiraChain/akhiranode/x/oracle/keeper/keeper.go:144.16,146.3 1 0
github.com/AkhiraChain/akhiranode/x/oracle/keeper/keeper.go:150.93,152.12 2 26
github.com/AkhiraChain/akhiranode/x/oracle/keeper/keeper.go:155.2,155.29 1 26
github.com/AkhiraChain/akhiranode/x/oracle/keeper/keeper.go:152.12,154.3 1 0
github.com/AkhiraChain/akhiranode/x/oracle/keeper/keeper.go:159.149,161.42 2 0
github.com/AkhiraChain/akhiranode/x/oracle/keeper/keeper.go:165.2,165.23 1 0
github.com/AkhiraChain/akhiranode/x/oracle/keeper/keeper.go:173.2,173.12 1 0
github.com/AkhiraChain/akhiranode/x/oracle/keeper/keeper.go:161.42,164.3 2 0
github.com/AkhiraChain/akhiranode/x/oracle/keeper/keeper.go:166.13,167.39 1 0
github.com/AkhiraChain/akhiranode/x/oracle/keeper/keeper.go:168.16,169.42 1 0
github.com/AkhiraChain/akhiranode/x/oracle/keeper/keeper.go:170.10,171.39 1 0
github.com/AkhiraChain/akhiranode/x/oracle/keeper/keeper.go:181.92,187.48 6 19
github.com/AkhiraChain/akhiranode/x/oracle/keeper/keeper.go:193.2,193.17 1 19
github.com/AkhiraChain/akhiranode/x/oracle/keeper/keeper.go:187.48,190.3 2 6
github.com/AkhiraChain/akhiranode/x/oracle/keeper/keeper.go:190.8,190.62 1 13
github.com/AkhiraChain/akhiranode/x/oracle/keeper/keeper.go:190.62,192.3 1 1
github.com/AkhiraChain/akhiranode/x/oracle/keeper/keeper.go:197.58,200.2 2 4
github.com/AkhiraChain/akhiranode/x/oracle/keeper/validatorWhiteList.go:10.85,14.38 4 15
github.com/AkhiraChain/akhiranode/x/oracle/keeper/validatorWhiteList.go:17.2,17.83 1 15
github.com/AkhiraChain/akhiranode/x/oracle/keeper/validatorWhiteList.go:14.38,16.3 1 27
github.com/AkhiraChain/akhiranode/x/oracle/keeper/validatorWhiteList.go:20.61,23.2 2 4
github.com/AkhiraChain/akhiranode/x/oracle/keeper/validatorWhiteList.go:25.70,32.47 7 50
github.com/AkhiraChain/akhiranode/x/oracle/keeper/validatorWhiteList.go:39.2,39.11 1 50
github.com/AkhiraChain/akhiranode/x/oracle/keeper/validatorWhiteList.go:32.47,34.17 2 133
github.com/AkhiraChain/akhiranode/x/oracle/keeper/validatorWhiteList.go:37.3,37.15 1 133
github.com/AkhiraChain/akhiranode/x/oracle/keeper/validatorWhiteList.go:34.17,35.14 1 0
github.com/AkhiraChain/akhiranode/x/oracle/keeper/validatorWhiteList.go:43.79,44.35 1 3
github.com/AkhiraChain/akhiranode/x/oracle/keeper/validatorWhiteList.go:47.2,48.36 2 3
github.com/AkhiraChain/akhiranode/x/oracle/keeper/validatorWhiteList.go:53.2,53.14 1 1
github.com/AkhiraChain/akhiranode/x/oracle/keeper/validatorWhiteList.go:44.35,46.3 1 0
github.com/AkhiraChain/akhiranode/x/oracle/keeper/validatorWhiteList.go:48.36,49.32 1 5
github.com/AkhiraChain/akhiranode/x/oracle/keeper/validatorWhiteList.go:49.32,51.4 1 2
github.com/AkhiraChain/akhiranode/x/oracle/keeper/validatorWhiteList.go:57.79,60.2 2 0
github.com/AkhiraChain/akhiranode/x/oracle/keeper/validatorWhiteList.go:63.82,66.31 3 0
github.com/AkhiraChain/akhiranode/x/oracle/keeper/validatorWhiteList.go:71.2,71.36 1 0
github.com/AkhiraChain/akhiranode/x/oracle/keeper/validatorWhiteList.go:66.31,67.30 1 0
github.com/AkhiraChain/akhiranode/x/oracle/keeper/validatorWhiteList.go:67.30,69.4 1 0
github.com/AkhiraChain/akhiranode/x/tokenregistry/keeper/genesis.go:10.95,11.30 1 4
github.com/AkhiraChain/akhiranode/x/tokenregistry/keeper/genesis.go:18.2,18.27 1 4
github.com/AkhiraChain/akhiranode/x/tokenregistry/keeper/genesis.go:21.2,21.33 1 4
github.com/AkhiraChain/akhiranode/x/tokenregistry/keeper/genesis.go:11.30,13.17 2 2
github.com/AkhiraChain/akhiranode/x/tokenregistry/keeper/genesis.go:16.3,16.31 1 2
github.com/AkhiraChain/akhiranode/x/tokenregistry/keeper/genesis.go:13.17,14.14 1 0
github.com/AkhiraChain/akhiranode/x/tokenregistry/keeper/genesis.go:18.27,20.3 1 0
github.com/AkhiraChain/akhiranode/x/tokenregistry/keeper/genesis.go:24.68,30.2 2 0
github.com/AkhiraChain/akhiranode/x/tokenregistry/keeper/grpc_query.go:14.55,16.2 1 2
github.com/AkhiraChain/akhiranode/x/tokenregistry/keeper/grpc_query.go:18.112,22.2 3 1
github.com/AkhiraChain/akhiranode/x/tokenregistry/keeper/keeper.go:20.69,25.2 1 2
github.com/AkhiraChain/akhiranode/x/tokenregistry/keeper/keeper.go:27.79,31.2 3 2
github.com/AkhiraChain/akhiranode/x/tokenregistry/keeper/keeper.go:33.83,35.20 2 0
github.com/AkhiraChain/akhiranode/x/tokenregistry/keeper/keeper.go:38.2,38.43 1 0
github.com/AkhiraChain/akhiranode/x/tokenregistry/keeper/keeper.go:35.20,37.3 1 0
github.com/AkhiraChain/akhiranode/x/tokenregistry/keeper/keeper.go:41.80,49.2 7 0
github.com/AkhiraChain/akhiranode/x/tokenregistry/keeper/keeper.go:51.112,52.57 1 5
github.com/AkhiraChain/akhiranode/x/tokenregistry/keeper/keeper.go:64.2,64.13 1 2
github.com/AkhiraChain/akhiranode/x/tokenregistry/keeper/keeper.go:52.57,54.55 2 6
github.com/AkhiraChain/akhiranode/x/tokenregistry/keeper/keeper.go:60.3,60.11 1 6
github.com/AkhiraChain/akhiranode/x/tokenregistry/keeper/keeper.go:54.55,55.47 1 7
github.com/AkhiraChain/akhiranode/x/tokenregistry/keeper/keeper.go:55.47,57.10 2 3
github.com/AkhiraChain/akhiranode/x/tokenregistry/keeper/keeper.go:60.11,62.4 1 3
github.com/AkhiraChain/akhiranode/x/tokenregistry/keeper/keeper.go:67.89,68.28 1 2
github.com/AkhiraChain/akhiranode/x/tokenregistry/keeper/keeper.go:74.2,74.76 1 0
github.com/AkhiraChain/akhiranode/x/tokenregistry/keeper/keeper.go:68.28,70.52 2 4
github.com/AkhiraChain/akhiranode/x/tokenregistry/keeper/keeper.go:70.52,72.4 1 2
github.com/AkhiraChain/akhiranode/x/tokenregistry/keeper/keeper.go:77.71,79.28 2 4
github.com/AkhiraChain/akhiranode/x/tokenregistry/keeper/keeper.go:86.2,87.24 2 4
github.com/AkhiraChain/akhiranode/x/tokenregistry/keeper/keeper.go:79.28,80.82 1 3
github.com/AkhiraChain/akhiranode/x/tokenregistry/keeper/keeper.go:80.82,84.4 3 0
github.com/AkhiraChain/akhiranode/x/tokenregistry/keeper/keeper.go:90.60,93.37 3 0
github.com/AkhiraChain/akhiranode/x/tokenregistry/keeper/keeper.go:98.2,100.4 1 0
github.com/AkhiraChain/akhiranode/x/tokenregistry/keeper/keeper.go:93.37,94.53 1 0
github.com/AkhiraChain/akhiranode/x/tokenregistry/keeper/keeper.go:94.53,96.4 1 0
github.com/AkhiraChain/akhiranode/x/tokenregistry/keeper/keeper.go:103.65,107.2 3 4
github.com/AkhiraChain/akhiranode/x/tokenregistry/keeper/keeper.go:109.61,113.18 4 7
github.com/AkhiraChain/akhiranode/x/tokenregistry/keeper/keeper.go:116.2,117.18 2 5
github.com/AkhiraChain/akhiranode/x/tokenregistry/keeper/keeper.go:113.18,115.3 1 2
github.com/AkhiraChain/akhiranode/x/tokenregistry/keeper/migrations.go:12.51,14.2 1 2
github.com/AkhiraChain/akhiranode/x/tokenregistry/keeper/migrations.go:16.56,18.41 2 0
github.com/AkhiraChain/akhiranode/x/tokenregistry/keeper/migrations.go:24.2,25.12 2 0
github.com/AkhiraChain/akhiranode/x/tokenregistry/keeper/migrations.go:18.41,19.145 1 0
github.com/AkhiraChain/akhiranode/x/tokenregistry/keeper/migrations.go:19.145,22.4 2 0
github.com/AkhiraChain/akhiranode/x/tokenregistry/keeper/msg_server.go:16.110,18.16 2 0
github.com/AkhiraChain/akhiranode/x/tokenregistry/keeper/msg_server.go:21.2,21.63 1 0
github.com/AkhiraChain/akhiranode/x/tokenregistry/keeper/msg_server.go:24.2,25.42 2 0
github.com/AkhiraChain/akhiranode/x/tokenregistry/keeper/msg_server.go:18.16,20.3 1 0
github.com/AkhiraChain/akhiranode/x/tokenregistry/keeper/msg_server.go:21.63,23.3 1 0
github.com/AkhiraChain/akhiranode/x/tokenregistry/keeper/msg_server.go:28.119,30.16 2 0
github.com/AkhiraChain/akhiranode/x/tokenregistry/keeper/msg_server.go:33.2,33.63 1 0
github.com/AkhiraChain/akhiranode/x/tokenregistry/keeper/msg_server.go:36.2,37.45 2 0
github.com/AkhiraChain/akhiranode/x/tokenregistry/keeper/msg_server.go:30.16,32.3 1 0
github.com/AkhiraChain/akhiranode/x/tokenregistry/keeper/msg_server.go:33.63,35.3 1 0
github.com/AkhiraChain/akhiranode/x/tokenregistry/keeper/msg_server.go:40.116,42.16 2 0
github.com/AkhiraChain/akhiranode/x/tokenregistry/keeper/msg_server.go:45.2,45.63 1 0
github.com/AkhiraChain/akhiranode/x/tokenregistry/keeper/msg_server.go:48.2,49.44 2 0
github.com/AkhiraChain/akhiranode/x/tokenregistry/keeper/msg_server.go:42.16,44.3 1 0
github.com/AkhiraChain/akhiranode/x/tokenregistry/keeper/msg_server.go:45.63,47.3 1 0
github.com/AkhiraChain/akhiranode/x/tokenregistry/keeper/msg_server.go:54.60,56.2 1 4
github.com/AkhiraChain/akhiranode/x/tokenregistry/keeper/querier.go:10.56,12.93 2 3
github.com/AkhiraChain/akhiranode/x/tokenregistry/keeper/querier.go:12.93,13.18 1 1
github.com/AkhiraChain/akhiranode/x/tokenregistry/keeper/querier.go:14.27,15.36 1 1
github.com/AkhiraChain/akhiranode/x/tokenregistry/keeper/querier.go:16.11,17.98 1 0
github.com/AkhiraChain/akhiranode/x/tokenregistry/keeper/querier.go:21.68,23.16 2 1
github.com/AkhiraChain/akhiranode/x/tokenregistry/keeper/querier.go:26.2,26.41 1 1
github.com/AkhiraChain/akhiranode/x/tokenregistry/keeper/querier.go:23.16,25.3 1 0
github.com/AkhiraChain/akhiranode/x/tokenregistry/utils/parse_denom_list.go:12.90,15.16 3 1
github.com/AkhiraChain/akhiranode/x/tokenregistry/utils/parse_denom_list.go:18.2,19.16 2 1
github.com/AkhiraChain/akhiranode/x/tokenregistry/utils/parse_denom_list.go:22.2,23.16 2 1
github.com/AkhiraChain/akhiranode/x/tokenregistry/utils/parse_denom_list.go:26.2,26.20 1 1
github.com/AkhiraChain/akhiranode/x/tokenregistry/utils/parse_denom_list.go:15.16,17.3 1 0
github.com/AkhiraChain/akhiranode/x/tokenregistry/utils/parse_denom_list.go:19.16,21.3 1 0
github.com/AkhiraChain/akhiranode/x/tokenregistry/utils/parse_denom_list.go:23.16,25.3 1 0
